[2026-03-01T08:47:22.822Z] POST /login - IP: ::1
[2026-03-01T08:47:23.039Z] GET /api/session - IP: ::1
[2026-03-01T08:47:23.363Z] GET /api/session - IP: ::1
[2026-03-01T08:47:23.699Z] GET /service/api/dashboard - IP: ::1
[2026-03-01T08:47:23.700Z] GET /images3/logo2.jpg - IP: ::1
[2026-03-01T08:47:23.872Z] GET /service/api/dashboard - IP: ::1
[2026-03-01T08:47:23.954Z] GET /service/api/earnings-data?timeRange=1 - IP: ::1
[2026-03-01T08:47:24.188Z] GET /service/api/earnings-data?timeRange=1 - IP: ::1
[2026-03-01T08:47:24.439Z] GET /service/api/recent-activity?limit=5 - IP: ::1
[2026-03-01T08:47:24.509Z] GET /service/api/recent-activity?limit=5 - IP: ::1
[2026-03-01T08:47:25.254Z] GET /styles/profileSettings.css - IP: ::1
[2026-03-01T08:47:25.256Z] GET /api/service-categories/active - IP: ::1
[2026-03-01T08:47:25.266Z] GET /images3/image5.jpg - IP: ::1
[2026-03-01T08:47:25.510Z] GET /api/service-categories/active - IP: ::1
[2026-03-01T08:47:25.655Z] GET /service/api/profile - IP: ::1
[2026-03-01T08:47:25.694Z] GET /service/api/profile - IP: ::1
[2026-03-01T08:47:26.668Z] GET /service/api/bookings - IP: ::1
[2026-03-01T08:47:26.771Z] GET /service/api/bookings - IP: ::1
[2026-03-01T08:47:30.440Z] GET /api/product-categories/active - IP: ::1
[2026-03-01T08:47:30.876Z] GET /api/product-categories/active - IP: ::1
[2026-03-01T08:47:35.487Z] GET /api/parts/search?category=Exterior+Customization - IP: ::1
