[2026-03-01T07:59:00.648Z] GET /seller/api/dashboard - IP: ::1
[2026-03-01T07:59:01.291Z] GET /logout?next=http%3A%2F%2Flocalhost%3A5173%2Flogin - IP: ::1
[2026-03-01T07:59:01.407Z] GET /seller/api/dashboard - IP: ::1
[2026-03-01T07:59:07.349Z] POST /login - IP: ::1
[2026-03-01T07:59:07.601Z] GET /api/session - IP: ::1
[2026-03-01T07:59:07.609Z] GET /api/session - IP: ::1
[2026-03-01T07:59:07.623Z] GET /images3/logo2.jpg - IP: ::1
[2026-03-01T07:59:07.632Z] GET /service/api/dashboard - IP: ::1
[2026-03-01T07:59:08.334Z] GET /service/api/dashboard - IP: ::1
[2026-03-01T07:59:08.654Z] GET /service/api/earnings-data?timeRange=1 - IP: ::1
[2026-03-01T07:59:09.380Z] GET /service/api/dashboard - IP: ::1
[2026-03-01T07:59:10.197Z] GET /service/api/earnings-data?timeRange=1 - IP: ::1
[2026-03-01T07:59:10.199Z] GET /service/api/recent-activity?limit=5 - IP: ::1
[2026-03-01T07:59:10.442Z] GET /service/api/dashboard - IP: ::1
[2026-03-01T07:59:10.776Z] GET /service/api/earnings-data?timeRange=1 - IP: ::1
[2026-03-01T07:59:10.778Z] GET /service/api/recent-activity?limit=5 - IP: ::1
[2026-03-01T07:59:11.050Z] GET /service/api/dashboard - IP: ::1
[2026-03-01T07:59:12.068Z] GET /service/api/earnings-data?timeRange=1 - IP: ::1
[2026-03-01T07:59:12.070Z] GET /service/api/recent-activity?limit=5 - IP: ::1
[2026-03-01T07:59:12.827Z] GET /service/api/earnings-data?timeRange=1 - IP: ::1
[2026-03-01T07:59:12.831Z] GET /service/api/recent-activity?limit=5 - IP: ::1
[2026-03-01T07:59:13.317Z] GET /service/api/recent-activity?limit=5 - IP: ::1
[2026-03-01T07:59:15.281Z] GET /api/service-categories/active - IP: ::1
[2026-03-01T07:59:15.282Z] GET /styles/profileSettings.css - IP: ::1
[2026-03-01T07:59:15.295Z] GET /images3/image5.jpg - IP: ::1
[2026-03-01T07:59:15.547Z] GET /api/service-categories/active - IP: ::1
[2026-03-01T07:59:15.732Z] GET /service/api/profile - IP: ::1
[2026-03-01T07:59:15.903Z] GET /service/api/profile - IP: ::1
