[2026-02-28T22:33:20.216Z] GET /api/session - IP: ::1
[2026-02-28T22:33:20.257Z] GET /chat/unread-count - IP: ::1
[2026-02-28T22:33:20.295Z] GET /chat/unread-count - IP: ::1
[2026-02-28T22:33:20.589Z] GET /styles/styles.css - IP: ::1
[2026-02-28T22:33:20.593Z] GET /customer/api/index - IP: ::1
[2026-02-28T22:33:20.594Z] GET /images3/logo2.jpg - IP: ::1
[2026-02-28T22:33:20.594Z] GET /images/cart-icon.png - IP: ::1
[2026-02-28T22:33:20.827Z] GET /customer/api/index - IP: ::1
[2026-02-28T22:33:22.010Z] GET /chat/unread-count - IP: ::1
[2026-02-28T22:33:22.017Z] GET /styles/styles.css - IP: ::1
[2026-02-28T22:33:22.046Z] GET /chat/unread-count - IP: ::1
[2026-02-28T22:33:22.319Z] GET /customer/api/history - IP: ::1
[2026-02-28T22:33:22.780Z] GET /customer/api/history - IP: ::1
[2026-02-28T22:33:26.578Z] GET /logout?next=http%3A%2F%2Flocalhost%3A5173%2Flogin - IP: ::1
[2026-02-28T22:33:32.301Z] POST /login - IP: ::1
[2026-02-28T22:33:32.480Z] GET /api/session - IP: ::1
[2026-02-28T22:33:32.489Z] GET /api/session - IP: ::1
[2026-02-28T22:33:32.501Z] GET /images3/logo2.jpg - IP: ::1
[2026-02-28T22:33:32.831Z] GET /seller/api/dashboard - IP: ::1
[2026-02-28T22:33:33.096Z] GET /seller/api/dashboard - IP: ::1
[2026-02-28T22:33:33.283Z] GET /seller/api/dashboard - IP: ::1
[2026-02-28T22:33:33.530Z] GET /seller/api/dashboard - IP: ::1
[2026-02-28T22:33:33.697Z] GET /seller/api/dashboard - IP: ::1
[2026-02-28T22:33:34.803Z] GET /seller/api/orders - IP: ::1
[2026-02-28T22:33:35.228Z] GET /seller/api/orders - IP: ::1
[2026-02-28T22:33:39.134Z] POST /seller/orders/698bffe019553641d8e0736f/status - IP: ::1
