[2026-03-02T14:57:20.687Z] POST /api/payments/create-checkout-session - IP: ::1
[2026-03-02T14:57:21.250Z] GET /api/session - IP: ::1
[2026-03-02T14:57:21.301Z] GET /api/session - IP: ::1
[2026-03-02T14:57:21.370Z] GET /chat/unread-count - IP: ::1
[2026-03-02T14:57:21.410Z] GET /chat/unread-count - IP: ::1
[2026-03-02T14:57:21.422Z] GET /images3/logo2.jpg - IP: ::1
[2026-03-02T14:57:21.422Z] GET /api/payments/mock-session/mock_1772463440690_s9dc2wn4s - IP: ::1
[2026-03-02T14:57:21.583Z] GET /api/payments/mock-session/mock_1772463440690_s9dc2wn4s - IP: ::1
[2026-03-02T14:57:21.657Z] GET /images/cart-icon.png - IP: ::1
[2026-03-02T14:57:26.023Z] GET /chat/unread-count - IP: ::1
[2026-03-02T14:57:26.047Z] GET /styles/styles.css - IP: ::1
[2026-03-02T14:57:26.052Z] GET /customer/api/cart - IP: ::1
[2026-03-02T14:57:26.053Z] GET /api/payments/config - IP: ::1
[2026-03-02T14:57:26.079Z] GET /chat/unread-count - IP: ::1
[2026-03-02T14:57:26.395Z] GET /api/payments/config - IP: ::1
[2026-03-02T14:57:26.432Z] GET /customer/api/cart - IP: ::1
[2026-03-02T14:57:31.558Z] POST /customer/create-order - IP: ::1
[2026-03-02T14:57:33.587Z] GET /api/session - IP: ::1
[2026-03-02T14:57:33.752Z] GET /api/session - IP: ::1
[2026-03-02T14:57:33.820Z] GET /images3/logo2.jpg - IP: ::1
[2026-03-02T14:57:33.901Z] GET /chat/unread-count - IP: ::1
[2026-03-02T14:57:33.912Z] GET /styles/styles.css - IP: ::1
[2026-03-02T14:57:33.945Z] GET /chat/unread-count - IP: ::1
[2026-03-02T14:57:34.142Z] GET /customer/api/history - IP: ::1
[2026-03-02T14:57:34.217Z] GET /images/cart-icon.png - IP: ::1
[2026-03-02T14:57:34.318Z] GET /customer/api/history - IP: ::1
