[2026-03-06T04:42:20.107Z] GET /api/session - IP: ::1
[2026-03-06T04:42:20.184Z] GET /images3/logo2.jpg - IP: ::1
[2026-03-06T04:42:20.185Z] GET /chat/unread-count - IP: ::1
[2026-03-06T04:42:20.319Z] GET /chat/unread-count - IP: ::1
[2026-03-06T04:42:20.504Z] GET /styles/styles.css - IP: ::1
[2026-03-06T04:42:20.506Z] GET /customer/api/history - IP: ::1
[2026-03-06T04:42:20.507Z] GET /images/cart-icon.png - IP: ::1
[2026-03-06T04:42:22.540Z] GET /chat/unread-count - IP: ::1
[2026-03-06T04:42:22.863Z] GET /styles/styles.css - IP: ::1
[2026-03-06T04:42:22.865Z] GET /customer/api/cart - IP: ::1
[2026-03-06T04:42:22.866Z] GET /api/payments/config - IP: ::1
[2026-03-06T04:42:22.956Z] GET /chat/unread-count - IP: ::1
[2026-03-06T04:42:23.041Z] GET /customer/api/history - IP: ::1
[2026-03-06T04:42:23.196Z] GET /api/payments/config - IP: ::1
[2026-03-06T04:42:23.265Z] GET /customer/api/cart - IP: ::1
[2026-03-06T04:42:26.324Z] GET /chat/unread-count - IP: ::1
[2026-03-06T04:42:26.638Z] GET /api/session - IP: ::1
[2026-03-06T04:42:26.905Z] GET /api/session - IP: ::1
[2026-03-06T04:42:26.943Z] GET /chat/unread-count - IP: ::1
[2026-03-06T04:42:26.965Z] GET /chat/customer/67e53cb532c5a757c77e3df8/messages - IP: ::1
[2026-03-06T04:42:30.148Z] GET /chat/customer/67e53cb532c5a757c77e3df8/messages - IP: ::1
[2026-03-06T04:42:34.449Z] GET /chat/unread-count - IP: ::1
[2026-03-06T04:42:34.544Z] GET /chat/unread-count - IP: ::1
[2026-03-06T04:42:34.765Z] GET /styles/styles.css - IP: ::1
[2026-03-06T04:42:34.766Z] GET /customer/api/profile - IP: ::1
[2026-03-06T04:42:35.027Z] GET /customer/api/profile - IP: ::1
