[2026-02-28T19:37:03.774Z] POST /login - IP: ::1
[2026-02-28T19:37:04.335Z] GET /api/session - IP: ::1
[2026-02-28T19:37:04.601Z] GET /api/session - IP: ::1
[2026-02-28T19:37:04.666Z] GET /service/api/dashboard - IP: ::1
[2026-02-28T19:37:04.949Z] GET /service/api/dashboard - IP: ::1
[2026-02-28T19:37:04.957Z] GET /service/api/earnings-data?timeRange=1 - IP: ::1
[2026-02-28T19:37:04.960Z] GET /images3/logo2.jpg - IP: ::1
[2026-02-28T19:37:05.195Z] GET /service/api/dashboard - IP: ::1
[2026-02-28T19:37:05.198Z] GET /service/api/earnings-data?timeRange=1 - IP: ::1
[2026-02-28T19:37:05.439Z] GET /service/api/recent-activity?limit=5 - IP: ::1
[2026-02-28T19:37:05.467Z] GET /service/api/dashboard - IP: ::1
[2026-02-28T19:37:05.470Z] GET /service/api/earnings-data?timeRange=1 - IP: ::1
[2026-02-28T19:37:05.695Z] GET /service/api/recent-activity?limit=5 - IP: ::1
[2026-02-28T19:37:05.697Z] GET /service/api/dashboard - IP: ::1
[2026-02-28T19:37:06.138Z] GET /service/api/earnings-data?timeRange=1 - IP: ::1
[2026-02-28T19:37:06.143Z] GET /service/api/recent-activity?limit=5 - IP: ::1
[2026-02-28T19:37:06.383Z] GET /service/api/earnings-data?timeRange=1 - IP: ::1
[2026-02-28T19:37:06.697Z] GET /service/api/recent-activity?limit=5 - IP: ::1
[2026-02-28T19:37:07.100Z] GET /service/api/recent-activity?limit=5 - IP: ::1
[2026-02-28T19:37:09.405Z] GET /api/session - IP: ::1
[2026-02-28T19:37:09.450Z] GET /api/session - IP: ::1
[2026-02-28T19:37:09.466Z] GET /images3/logo2.jpg - IP: ::1
[2026-02-28T19:37:09.730Z] GET /service/api/dashboard - IP: ::1
[2026-02-28T19:37:09.899Z] GET /service/api/dashboard - IP: ::1
[2026-02-28T19:37:09.902Z] GET /service/api/earnings-data?timeRange=1 - IP: ::1
[2026-02-28T19:37:10.398Z] GET /service/api/recent-activity?limit=5 - IP: ::1
[2026-02-28T19:37:10.401Z] GET /service/api/earnings-data?timeRange=1 - IP: ::1
[2026-02-28T19:37:10.643Z] GET /service/api/recent-activity?limit=5 - IP: ::1
[2026-02-28T19:37:15.836Z] GET /styles/profileSettings.css - IP: ::1
[2026-02-28T19:37:16.156Z] GET /api/service-categories/active - IP: ::1
[2026-02-28T19:37:16.157Z] GET /images3/image5.jpg - IP: ::1
[2026-02-28T19:37:16.553Z] GET /api/service-categories/active - IP: ::1
[2026-02-28T19:37:16.554Z] GET /service/api/profile - IP: ::1
[2026-02-28T19:37:16.921Z] GET /service/api/profile - IP: ::1
