[2026-03-01T07:43:45.653Z] POST /login - IP: ::1
[2026-03-01T07:43:45.865Z] GET /api/session - IP: ::1
[2026-03-01T07:43:46.182Z] GET /api/session - IP: ::1
[2026-03-01T07:43:46.556Z] GET /images3/logo2.jpg - IP: ::1
[2026-03-01T07:43:46.558Z] GET /service/api/dashboard - IP: ::1
[2026-03-01T07:43:46.792Z] GET /service/api/dashboard - IP: ::1
[2026-03-01T07:43:46.800Z] GET /service/api/earnings-data?timeRange=1 - IP: ::1
[2026-03-01T07:43:47.291Z] GET /service/api/dashboard - IP: ::1
[2026-03-01T07:43:47.355Z] GET /service/api/earnings-data?timeRange=1 - IP: ::1
[2026-03-01T07:43:47.356Z] GET /service/api/recent-activity?limit=5 - IP: ::1
[2026-03-01T07:43:47.943Z] GET /service/api/dashboard - IP: ::1
[2026-03-01T07:43:47.961Z] GET /service/api/earnings-data?timeRange=1 - IP: ::1
[2026-03-01T07:43:47.974Z] GET /service/api/recent-activity?limit=5 - IP: ::1
[2026-03-01T07:43:48.423Z] GET /service/api/dashboard - IP: ::1
[2026-03-01T07:43:48.518Z] GET /service/api/earnings-data?timeRange=1 - IP: ::1
[2026-03-01T07:43:48.519Z] GET /service/api/recent-activity?limit=5 - IP: ::1
[2026-03-01T07:43:49.069Z] GET /service/api/earnings-data?timeRange=1 - IP: ::1
[2026-03-01T07:43:49.070Z] GET /service/api/recent-activity?limit=5 - IP: ::1
[2026-03-01T07:43:49.327Z] GET /service/api/recent-activity?limit=5 - IP: ::1
[2026-03-01T07:43:55.991Z] GET /service/api/dashboard - IP: ::1
[2026-03-01T07:43:56.499Z] GET /service/api/earnings-data?timeRange=1 - IP: ::1
[2026-03-01T07:43:56.766Z] GET /service/api/recent-activity?limit=5 - IP: ::1
[2026-03-01T07:43:59.944Z] GET /api/session - IP: ::1
