[2026-02-28T20:04:06.803Z] POST /login - IP: ::1
[2026-02-28T20:04:07.054Z] GET /api/session - IP: ::1
[2026-02-28T20:04:07.065Z] GET /api/session - IP: ::1
[2026-02-28T20:04:07.089Z] GET /images3/logo2.jpg - IP: ::1
[2026-02-28T20:04:07.423Z] GET /service/api/dashboard - IP: ::1
[2026-02-28T20:04:07.608Z] GET /service/api/dashboard - IP: ::1
[2026-02-28T20:04:07.923Z] GET /service/api/earnings-data?timeRange=1 - IP: ::1
[2026-02-28T20:04:08.086Z] GET /service/api/dashboard - IP: ::1
[2026-02-28T20:04:08.408Z] GET /service/api/earnings-data?timeRange=1 - IP: ::1
[2026-02-28T20:04:08.409Z] GET /service/api/recent-activity?limit=5 - IP: ::1
[2026-02-28T20:04:08.536Z] GET /service/api/dashboard - IP: ::1
[2026-02-28T20:04:08.952Z] GET /service/api/earnings-data?timeRange=1 - IP: ::1
[2026-02-28T20:04:08.971Z] GET /service/api/recent-activity?limit=5 - IP: ::1
[2026-02-28T20:04:09.080Z] GET /service/api/dashboard - IP: ::1
[2026-02-28T20:04:09.584Z] GET /service/api/earnings-data?timeRange=1 - IP: ::1
[2026-02-28T20:04:09.585Z] GET /service/api/recent-activity?limit=5 - IP: ::1
[2026-02-28T20:04:10.043Z] GET /service/api/earnings-data?timeRange=1 - IP: ::1
[2026-02-28T20:04:10.057Z] GET /service/api/recent-activity?limit=5 - IP: ::1
[2026-02-28T20:04:10.307Z] GET /service/api/recent-activity?limit=5 - IP: ::1
[2026-02-28T20:04:13.263Z] GET /styles/profileSettings.css - IP: ::1
[2026-02-28T20:04:13.576Z] GET /api/service-categories/active - IP: ::1
[2026-02-28T20:04:13.591Z] GET /images3/image5.jpg - IP: ::1
[2026-02-28T20:04:13.970Z] GET /api/service-categories/active - IP: ::1
[2026-02-28T20:04:13.971Z] GET /service/api/profile - IP: ::1
[2026-02-28T20:04:14.225Z] GET /service/api/profile - IP: ::1
