[2026-02-28T19:53:06.439Z] POST /login - IP: ::1
[2026-02-28T19:53:06.714Z] GET /api/session - IP: ::1
[2026-02-28T19:53:07.036Z] GET /api/session - IP: ::1
[2026-02-28T19:53:07.304Z] GET /service/api/dashboard - IP: ::1
[2026-02-28T19:53:07.391Z] GET /images3/logo2.jpg - IP: ::1
[2026-02-28T19:53:07.491Z] GET /service/api/dashboard - IP: ::1
[2026-02-28T19:53:07.499Z] GET /service/api/earnings-data?timeRange=1 - IP: ::1
[2026-02-28T19:53:07.967Z] GET /service/api/recent-activity?limit=5 - IP: ::1
[2026-02-28T19:53:07.984Z] GET /service/api/dashboard - IP: ::1
[2026-02-28T19:53:07.986Z] GET /service/api/earnings-data?timeRange=1 - IP: ::1
[2026-02-28T19:53:08.489Z] GET /service/api/dashboard - IP: ::1
[2026-02-28T19:53:08.523Z] GET /service/api/earnings-data?timeRange=1 - IP: ::1
[2026-02-28T19:53:08.525Z] GET /service/api/recent-activity?limit=5 - IP: ::1
[2026-02-28T19:53:08.983Z] GET /service/api/dashboard - IP: ::1
[2026-02-28T19:53:08.984Z] GET /service/api/earnings-data?timeRange=1 - IP: ::1
[2026-02-28T19:53:08.998Z] GET /service/api/recent-activity?limit=5 - IP: ::1
[2026-02-28T19:53:09.464Z] GET /service/api/earnings-data?timeRange=1 - IP: ::1
[2026-02-28T19:53:09.466Z] GET /service/api/recent-activity?limit=5 - IP: ::1
[2026-02-28T19:53:09.729Z] GET /service/api/recent-activity?limit=5 - IP: ::1
[2026-02-28T19:53:18.539Z] GET /service/api/bookings - IP: ::1
[2026-02-28T19:53:18.843Z] GET /service/api/bookings - IP: ::1
