[2026-03-02T15:03:41.053Z] GET /logout?next=http%3A%2F%2Flocalhost%3A5173%2Flogin - IP: ::1
[2026-03-02T15:03:46.024Z] POST /login - IP: ::1
[2026-03-02T15:03:46.305Z] GET /api/session - IP: ::1
[2026-03-02T15:03:46.323Z] GET /api/session - IP: ::1
[2026-03-02T15:03:46.736Z] GET /images3/logo2.jpg - IP: ::1
[2026-03-02T15:03:46.739Z] GET /service/api/dashboard - IP: ::1
[2026-03-02T15:03:46.945Z] GET /service/api/dashboard - IP: ::1
[2026-03-02T15:03:46.987Z] GET /service/api/earnings-data?timeRange=1 - IP: ::1
[2026-03-02T15:03:47.261Z] GET /service/api/dashboard - IP: ::1
[2026-03-02T15:03:47.440Z] GET /service/api/earnings-data?timeRange=1 - IP: ::1
[2026-03-02T15:03:47.513Z] GET /service/api/recent-activity?limit=5 - IP: ::1
[2026-03-02T15:03:47.518Z] GET /service/api/dashboard - IP: ::1
[2026-03-02T15:03:47.742Z] GET /service/api/earnings-data?timeRange=1 - IP: ::1
[2026-03-02T15:03:47.915Z] GET /service/api/recent-activity?limit=5 - IP: ::1
[2026-03-02T15:03:47.934Z] GET /service/api/dashboard - IP: ::1
[2026-03-02T15:03:47.981Z] GET /service/api/earnings-data?timeRange=1 - IP: ::1
[2026-03-02T15:03:48.201Z] GET /service/api/recent-activity?limit=5 - IP: ::1
[2026-03-02T15:03:48.299Z] GET /service/api/earnings-data?timeRange=1 - IP: ::1
[2026-03-02T15:03:48.435Z] GET /service/api/recent-activity?limit=5 - IP: ::1
[2026-03-02T15:03:48.602Z] GET /service/api/recent-activity?limit=5 - IP: ::1
