[2026-02-28T19:02:40.624Z] GET /chat/unread-count - IP: ::1
[2026-02-28T19:02:44.442Z] GET /chat/unread-count - IP: ::1
[2026-02-28T19:02:44.486Z] GET /chat/unread-count - IP: ::1
[2026-02-28T19:02:44.767Z] GET /styles/styles.css - IP: ::1
[2026-02-28T19:02:44.769Z] GET /customer/api/history - IP: ::1
[2026-02-28T19:02:45.011Z] GET /customer/api/history - IP: ::1
[2026-02-28T19:02:47.185Z] GET /chat/unread-count - IP: ::1
[2026-02-28T19:02:47.190Z] GET /customer/api/order/6980bbad8d311ad04e2ee478 - IP: ::1
[2026-02-28T19:02:47.223Z] GET /chat/unread-count - IP: ::1
[2026-02-28T19:02:47.504Z] GET /styles/styles.css - IP: ::1
[2026-02-28T19:02:47.581Z] GET /customer/api/order/6980bbad8d311ad04e2ee478 - IP: ::1
[2026-02-28T19:02:50.373Z] GET /chat/unread-count - IP: ::1
[2026-02-28T19:02:50.413Z] GET /chat/unread-count - IP: ::1
[2026-02-28T19:02:50.688Z] GET /styles/styles.css - IP: ::1
[2026-02-28T19:02:52.283Z] GET /chat/unread-count - IP: ::1
[2026-02-28T19:02:52.288Z] GET /styles/styles.css - IP: ::1
[2026-02-28T19:02:52.323Z] GET /chat/unread-count - IP: ::1
[2026-02-28T19:02:52.605Z] GET /customer/api/cart - IP: ::1
[2026-02-28T19:02:52.606Z] GET /api/payments/config - IP: ::1
[2026-02-28T19:02:52.935Z] GET /api/payments/config - IP: ::1
[2026-02-28T19:02:52.967Z] GET /customer/api/cart - IP: ::1
