[2026-03-02T12:00:04.301Z] GET /chat/unread-count - IP: ::1
[2026-03-02T12:00:04.337Z] GET /chat/unread-count - IP: ::1
[2026-03-02T12:00:04.627Z] GET /styles/styles.css - IP: ::1
[2026-03-02T12:00:04.628Z] GET /customer/api/cart - IP: ::1
[2026-03-02T12:00:04.628Z] GET /api/payments/config - IP: ::1
[2026-03-02T12:00:04.871Z] GET /api/payments/config - IP: ::1
[2026-03-02T12:00:04.950Z] GET /customer/api/cart - IP: ::1
[2026-03-02T12:00:05.429Z] GET /chat/unread-count - IP: ::1
[2026-03-02T12:00:05.429Z] GET /customer/api/notifications?page=1&limit=20 - IP: ::1
[2026-03-02T12:00:05.466Z] GET /chat/unread-count - IP: ::1
[2026-03-02T12:00:06.193Z] GET /chat/unread-count - IP: ::1
[2026-03-02T12:00:06.196Z] GET /styles/styles.css - IP: ::1
[2026-03-02T12:00:06.267Z] GET /chat/unread-count - IP: ::1
[2026-03-02T12:00:08.298Z] GET /chat/unread-count - IP: ::1
[2026-03-02T12:00:08.329Z] GET /chat/unread-count - IP: ::1
[2026-03-02T12:00:08.622Z] GET /customer/api/order/69a57bb15a50f3765f356fa5 - IP: ::1
[2026-03-02T12:00:08.624Z] GET /styles/styles.css - IP: ::1
[2026-03-02T12:00:08.869Z] GET /customer/api/order/69a57bb15a50f3765f356fa5 - IP: ::1
[2026-03-02T12:00:19.542Z] GET /chat/unread-count - IP: ::1
[2026-03-02T12:00:19.545Z] GET /styles/styles.css - IP: ::1
[2026-03-02T12:00:19.579Z] GET /chat/unread-count - IP: ::1
