[2026-02-16T16:27:40.576Z] GET /manager/api/services - IP: ::1
[2026-02-16T16:27:40.844Z] GET /manager/api/services - IP: ::1
[2026-02-16T16:27:40.959Z] GET /chat/unread-count - IP: ::1
[2026-02-16T16:27:40.973Z] GET /chat/unread-count - IP: ::1
[2026-02-16T16:27:51.192Z] GET /manager/api/users - IP: ::1
[2026-02-16T16:27:51.497Z] [HEARTBEAT] log rotation
[2026-02-16T16:27:51.522Z] GET /manager/api/users - IP: ::1
[2026-02-16T16:27:51.633Z] GET /chat/unread-count - IP: ::1
[2026-02-16T16:27:51.652Z] GET /chat/unread-count - IP: ::1
[2026-02-16T16:27:53.897Z] GET /chat/unread-count - IP: ::1
[2026-02-16T16:27:53.904Z] GET /api/session - IP: ::1
[2026-02-16T16:27:53.911Z] GET /chat/unread-count - IP: ::1
[2026-02-16T16:27:54.233Z] GET /api/session - IP: ::1
[2026-02-16T16:27:54.254Z] GET /chat/customers - IP: ::1
[2026-02-16T16:27:54.498Z] GET /chat/customers - IP: ::1
[2026-02-16T16:27:56.106Z] GET /chat/unread-count - IP: ::1
[2026-02-16T16:27:56.118Z] GET /chat/unread-count - IP: ::1
[2026-02-16T16:27:56.119Z] GET /manager/api/support - IP: ::1
[2026-02-16T16:27:56.474Z] GET /manager/api/support - IP: ::1
[2026-02-16T16:27:57.558Z] GET /chat/unread-count - IP: ::1
[2026-02-16T16:27:57.569Z] GET /chat/unread-count - IP: ::1
[2026-02-16T16:27:57.877Z] GET /manager/api/payments - IP: ::1
[2026-02-16T16:27:58.147Z] GET /manager/api/payments - IP: ::1
[2026-02-16T16:27:59.535Z] GET /chat/unread-count - IP: ::1
[2026-02-16T16:27:59.543Z] GET /manager/api/orders - IP: ::1
[2026-02-16T16:27:59.556Z] GET /chat/unread-count - IP: ::1
[2026-02-16T16:27:59.967Z] GET /manager/api/orders - IP: ::1
