[2026-02-28T19:06:04.316Z] GET /chat/unread-count - IP: ::1
[2026-02-28T19:06:05.685Z] GET /chat/unread-count - IP: ::1
[2026-02-28T19:06:05.743Z] GET /chat/unread-count - IP: ::1
[2026-02-28T19:06:06.010Z] GET /styles/styles.css - IP: ::1
[2026-02-28T19:06:06.015Z] GET /api/payments/config - IP: ::1
[2026-02-28T19:06:06.014Z] GET /customer/api/cart - IP: ::1
[2026-02-28T19:06:06.266Z] GET /api/payments/config - IP: ::1
[2026-02-28T19:06:06.341Z] GET /customer/api/cart - IP: ::1
[2026-02-28T19:06:12.959Z] GET /chat/unread-count - IP: ::1
[2026-02-28T19:06:12.964Z] GET /api/session - IP: ::1
[2026-02-28T19:06:12.996Z] GET /chat/unread-count - IP: ::1
[2026-02-28T19:06:13.299Z] GET /api/session - IP: ::1
[2026-02-28T19:06:13.301Z] GET /chat/customer/67e53cb532c5a757c77e3df8/messages - IP: ::1
[2026-02-28T19:06:13.560Z] GET /chat/customer/67e53cb532c5a757c77e3df8/messages - IP: ::1
[2026-02-28T19:06:14.328Z] GET /chat/unread-count - IP: ::1
[2026-02-28T19:06:14.334Z] GET /styles/styles.css - IP: ::1
[2026-02-28T19:06:14.375Z] GET /chat/unread-count - IP: ::1
[2026-02-28T19:06:17.442Z] GET /chat/unread-count - IP: ::1
[2026-02-28T19:06:17.484Z] GET /chat/unread-count - IP: ::1
[2026-02-28T19:06:17.767Z] GET /styles/styles.css - IP: ::1
[2026-02-28T19:06:17.769Z] GET /customer/api/booking - IP: ::1
[2026-02-28T19:06:18.011Z] GET /customer/api/booking - IP: ::1
