[2026-02-11T06:53:21.470Z] GET /chat/unread-count - IP: ::1
[2026-02-11T06:53:21.482Z] GET /chat/unread-count - IP: ::1
[2026-02-11T06:53:21.783Z] GET /styles/styles.css - IP: ::1
[2026-02-11T06:53:21.786Z] GET /customer/api/booking - IP: ::1
[2026-02-11T06:53:22.049Z] GET /customer/api/booking - IP: ::1
[2026-02-11T06:53:27.080Z] POST /login - IP: ::1
[2026-02-11T06:53:27.329Z] GET /api/session - IP: ::1
[2026-02-11T06:53:27.346Z] GET /api/session - IP: ::1
[2026-02-11T06:53:27.371Z] GET /images3/logo2.jpg - IP: ::1
[2026-02-11T06:53:27.385Z] GET /chat/unread-count - IP: ::1
[2026-02-11T06:53:27.400Z] GET /chat/unread-count - IP: ::1
[2026-02-11T06:53:27.684Z] GET /styles/styles.css - IP: ::1
[2026-02-11T06:53:27.699Z] GET /customer/api/index - IP: ::1
[2026-02-11T06:53:27.702Z] GET /images/cart-icon.png - IP: ::1
[2026-02-11T06:53:27.928Z] [HEARTBEAT] log rotation
[2026-02-11T06:53:28.060Z] GET /customer/api/index - IP: ::1
[2026-02-11T06:53:29.120Z] GET /chat/unread-count - IP: ::1
[2026-02-11T06:53:29.129Z] GET /styles/styles.css - IP: ::1
[2026-02-11T06:53:29.148Z] GET /chat/unread-count - IP: ::1
[2026-02-11T06:53:29.429Z] GET /customer/api/booking - IP: ::1
[2026-02-11T06:53:29.833Z] GET /customer/api/booking - IP: ::1
[2026-02-11T06:53:30.333Z] GET /logout?next=http%3A%2F%2Flocalhost%3A5173%2Flogin - IP: ::1
[2026-02-11T06:53:33.046Z] GET /images2/car-customization.png - IP: ::1
[2026-02-11T06:53:33.048Z] GET /api/session - IP: ::1
[2026-02-11T06:53:33.075Z] GET /api/session - IP: ::1
[2026-02-11T06:53:34.464Z] GET /api/session - IP: ::1
[2026-02-11T06:53:34.786Z] GET /api/session - IP: ::1
