[2026-02-28T20:42:40.191Z] GET /service/api/dashboard - IP: ::1
[2026-02-28T20:42:40.192Z] GET /images3/logo2.jpg - IP: ::1
[2026-02-28T20:42:40.385Z] GET /service/api/dashboard - IP: ::1
[2026-02-28T20:42:40.448Z] GET /service/api/earnings-data?timeRange=1 - IP: ::1
[2026-02-28T20:42:40.693Z] GET /service/api/earnings-data?timeRange=1 - IP: ::1
[2026-02-28T20:42:40.955Z] GET /service/api/recent-activity?limit=5 - IP: ::1
[2026-02-28T20:42:41.038Z] GET /service/api/recent-activity?limit=5 - IP: ::1
[2026-02-28T20:42:42.573Z] GET /styles/profileSettings.css - IP: ::1
[2026-02-28T20:42:42.576Z] GET /api/service-categories/active - IP: ::1
[2026-02-28T20:42:42.584Z] GET /images3/image5.jpg - IP: ::1
[2026-02-28T20:42:42.836Z] GET /api/service-categories/active - IP: ::1
[2026-02-28T20:42:42.970Z] GET /service/api/profile - IP: ::1
[2026-02-28T20:42:43.017Z] GET /service/api/profile - IP: ::1
[2026-02-28T20:42:48.113Z] GET /logout?next=http%3A%2F%2Flocalhost%3A5173%2Flogin - IP: ::1
[2026-02-28T20:42:53.809Z] POST /login - IP: ::1
[2026-02-28T20:42:54.037Z] GET /api/session - IP: ::1
[2026-02-28T20:42:54.048Z] GET /api/session - IP: ::1
[2026-02-28T20:42:54.061Z] GET /chat/unread-count - IP: ::1
[2026-02-28T20:42:54.061Z] GET /images3/logo2.jpg - IP: ::1
[2026-02-28T20:42:54.103Z] GET /chat/unread-count - IP: ::1
[2026-02-28T20:42:54.380Z] GET /styles/styles.css - IP: ::1
[2026-02-28T20:42:54.380Z] GET /customer/api/index - IP: ::1
[2026-02-28T20:42:54.391Z] GET /images/cart-icon.png - IP: ::1
[2026-02-28T20:42:54.746Z] GET /customer/api/index - IP: ::1
[2026-02-28T20:42:55.542Z] GET /chat/unread-count - IP: ::1
[2026-02-28T20:42:55.545Z] GET /styles/styles.css - IP: ::1
[2026-02-28T20:42:55.580Z] GET /chat/unread-count - IP: ::1
[2026-02-28T20:42:55.852Z] GET /customer/api/booking - IP: ::1
[2026-02-28T20:42:56.285Z] GET /customer/api/booking - IP: ::1
