[2026-02-28T19:10:23.659Z] GET /logout?next=http%3A%2F%2Flocalhost%3A5173%2Flogin - IP: ::1
[2026-02-28T19:10:31.579Z] POST /login - IP: ::1
[2026-02-28T19:10:31.849Z] GET /api/session - IP: ::1
[2026-02-28T19:10:31.858Z] GET /api/session - IP: ::1
[2026-02-28T19:10:32.198Z] GET /service/api/dashboard - IP: ::1
[2026-02-28T19:10:32.200Z] GET /images3/logo2.jpg - IP: ::1
[2026-02-28T19:10:32.417Z] GET /service/api/dashboard - IP: ::1
[2026-02-28T19:10:32.439Z] GET /service/api/earnings-data?timeRange=1 - IP: ::1
[2026-02-28T19:10:32.731Z] GET /service/api/dashboard - IP: ::1
[2026-02-28T19:10:32.931Z] GET /service/api/earnings-data?timeRange=1 - IP: ::1
[2026-02-28T19:10:32.953Z] GET /service/api/recent-activity?limit=5 - IP: ::1
[2026-02-28T19:10:32.955Z] GET /service/api/dashboard - IP: ::1
[2026-02-28T19:10:33.224Z] GET /service/api/earnings-data?timeRange=1 - IP: ::1
[2026-02-28T19:10:33.424Z] GET /service/api/recent-activity?limit=5 - IP: ::1
[2026-02-28T19:10:33.443Z] GET /service/api/dashboard - IP: ::1
[2026-02-28T19:10:33.461Z] GET /service/api/earnings-data?timeRange=1 - IP: ::1
[2026-02-28T19:10:33.769Z] GET /service/api/recent-activity?limit=5 - IP: ::1
[2026-02-28T19:10:33.818Z] GET /service/api/earnings-data?timeRange=1 - IP: ::1
[2026-02-28T19:10:33.990Z] GET /service/api/recent-activity?limit=5 - IP: ::1
[2026-02-28T19:10:34.299Z] GET /api/session - IP: ::1
[2026-02-28T19:10:34.310Z] GET /api/session - IP: ::1
[2026-02-28T19:10:34.367Z] GET /styles/profileSettings.css - IP: ::1
[2026-02-28T19:10:34.368Z] GET /api/service-categories/active - IP: ::1
[2026-02-28T19:10:34.369Z] GET /images3/logo2.jpg - IP: ::1
[2026-02-28T19:10:34.638Z] GET /api/service-categories/active - IP: ::1
[2026-02-28T19:10:34.655Z] GET /service/api/profile - IP: ::1
[2026-02-28T19:10:34.657Z] GET /images3/image5.jpg - IP: ::1
[2026-02-28T19:10:34.790Z] GET /service/api/profile - IP: ::1
