[2026-03-06T04:29:44.862Z] GET /images2/car-customization.png - IP: ::1
[2026-03-06T04:29:45.026Z] GET /api/session - IP: ::1
[2026-03-06T04:29:45.043Z] GET /api/session - IP: ::1
[2026-03-06T04:29:45.055Z] GET /chat/unread-count - IP: ::ffff:127.0.0.1
[2026-03-06T04:29:45.815Z] GET /api/session - IP: ::1
[2026-03-06T04:29:45.844Z] GET /main.02b5253d33ed2450a968.hot-update.json - IP: ::1
[2026-03-06T04:29:46.162Z] GET /api/session - IP: ::1
[2026-03-06T04:29:46.739Z] GET /api/session - IP: ::1
[2026-03-06T04:29:46.769Z] GET /api/session - IP: ::1
[2026-03-06T04:29:46.796Z] GET /api/session - IP: ::1
[2026-03-06T04:29:46.818Z] GET /api/session - IP: ::1
[2026-03-06T04:29:51.928Z] POST /login - IP: ::1
[2026-03-06T04:29:52.637Z] GET /api/session - IP: ::1
[2026-03-06T04:29:52.947Z] GET /api/session - IP: ::1
[2026-03-06T04:29:53.010Z] GET /chat/unread-count - IP: ::1
[2026-03-06T04:29:53.061Z] GET /chat/unread-count - IP: ::1
[2026-03-06T04:29:53.332Z] GET /styles/styles.css - IP: ::1
[2026-03-06T04:29:53.334Z] GET /customer/api/index - IP: ::1
[2026-03-06T04:29:53.341Z] GET /images/cart-icon.png - IP: ::1
[2026-03-06T04:29:53.340Z] GET /images3/logo2.jpg - IP: ::1
[2026-03-06T04:29:53.577Z] GET /customer/api/index - IP: ::1
[2026-03-06T04:29:56.678Z] GET /api/session - IP: ::1
[2026-03-06T04:29:56.921Z] GET /api/session - IP: ::1
[2026-03-06T04:29:56.940Z] GET /api/session - IP: ::1
[2026-03-06T04:29:56.967Z] GET /chat/unread-count - IP: ::1
[2026-03-06T04:29:56.996Z] GET /styles/styles.css - IP: ::1
[2026-03-06T04:29:57.245Z] GET /chat/unread-count - IP: ::1
[2026-03-06T04:29:57.271Z] GET /api/session - IP: ::1
[2026-03-06T04:29:57.272Z] GET /customer/api/index - IP: ::1
[2026-03-06T04:29:57.275Z] GET /images3/logo2.jpg - IP: ::1
[2026-03-06T04:29:57.294Z] GET /images/cart-icon.png - IP: ::1
[2026-03-06T04:29:57.652Z] GET /customer/api/index - IP: ::1
