[2026-03-06T05:06:40.133Z] GET /images3/logo2.jpg - IP: ::1
[2026-03-06T05:06:40.134Z] GET /images/cart-icon.png - IP: ::1
[2026-03-06T05:06:40.131Z] GET /customer/api/index - IP: ::1
[2026-03-06T05:06:40.324Z] GET /customer/api/index - IP: ::1
[2026-03-06T05:06:42.232Z] GET /chat/unread-count - IP: ::1
[2026-03-06T05:06:42.290Z] GET /chat/unread-count - IP: ::1
[2026-03-06T05:06:42.541Z] GET /styles/styles.css - IP: ::1
[2026-03-06T05:06:42.542Z] GET /customer/api/history - IP: ::1
[2026-03-06T05:06:42.809Z] GET /customer/api/history - IP: ::1
[2026-03-06T05:06:58.171Z] GET /main.75a7a1ea26cd0c962331.hot-update.json - IP: ::1
[2026-03-06T05:06:58.269Z] GET /main.75a7a1ea26cd0c962331.hot-update.json - IP: ::1
[2026-03-06T05:06:58.618Z] GET /images2/car-customization.png - IP: ::1
[2026-03-06T05:06:58.782Z] GET /api/session - IP: ::1
[2026-03-06T05:06:58.792Z] GET /api/session - IP: ::1
[2026-03-06T05:06:58.801Z] GET /api/session - IP: ::1
[2026-03-06T05:06:58.810Z] GET /api/session - IP: ::1
[2026-03-06T05:06:58.875Z] GET /api/session - IP: ::1
[2026-03-06T05:06:59.490Z] GET /api/session - IP: ::1
[2026-03-06T05:06:59.552Z] GET /api/session - IP: ::1
[2026-03-06T05:06:59.701Z] GET /chat/unread-count - IP: ::1
[2026-03-06T05:06:59.808Z] GET /chat/unread-count - IP: ::1
[2026-03-06T05:06:59.817Z] GET /styles/styles.css - IP: ::1
[2026-03-06T05:06:59.880Z] GET /api/session - IP: ::1
[2026-03-06T05:06:59.906Z] GET /api/session - IP: ::1
[2026-03-06T05:06:59.918Z] GET /images3/logo2.jpg - IP: ::1
