[2026-03-06T05:07:00.020Z] GET /api/session - IP: ::1
[2026-03-06T05:07:00.207Z] GET /images/cart-icon.png - IP: ::1
[2026-03-06T05:07:00.957Z] GET /api/session - IP: ::1
[2026-03-06T05:07:01.265Z] GET /api/session - IP: ::1
[2026-03-06T05:07:01.323Z] GET /chat/unread-count - IP: ::1
[2026-03-06T05:07:01.386Z] GET /chat/unread-count - IP: ::1
[2026-03-06T05:07:01.535Z] GET /styles/styles.css - IP: ::1
[2026-03-06T05:07:01.595Z] GET /customer/api/index - IP: ::1
[2026-03-06T05:07:01.596Z] GET /images3/logo2.jpg - IP: ::1
[2026-03-06T05:07:01.638Z] GET /images/cart-icon.png - IP: ::1
[2026-03-06T05:07:01.923Z] GET /customer/api/index - IP: ::1
[2026-03-06T05:07:02.870Z] GET /chat/unread-count - IP: ::1
[2026-03-06T05:07:02.930Z] GET /chat/unread-count - IP: ::1
[2026-03-06T05:07:03.183Z] GET /styles/styles.css - IP: ::1
[2026-03-06T05:07:05.719Z] GET /customer/api/notifications?page=1&limit=20 - IP: ::1
[2026-03-06T05:07:05.720Z] GET /chat/unread-count - IP: ::1
[2026-03-06T05:07:05.821Z] GET /chat/unread-count - IP: ::1
[2026-03-06T05:07:07.614Z] GET /chat/unread-count - IP: ::1
[2026-03-06T05:07:07.619Z] GET /styles/styles.css - IP: ::1
[2026-03-06T05:07:07.689Z] GET /chat/unread-count - IP: ::1
[2026-03-06T05:07:07.935Z] GET /customer/api/cart - IP: ::1
[2026-03-06T05:07:07.936Z] GET /api/payments/config - IP: ::1
[2026-03-06T05:07:08.262Z] GET /api/payments/config - IP: ::1
[2026-03-06T05:07:08.323Z] GET /customer/api/cart - IP: ::1
[2026-03-06T05:07:10.736Z] GET /api/session - IP: ::1
[2026-03-06T05:07:10.886Z] GET /api/session - IP: ::1
[2026-03-06T05:07:10.977Z] GET /api/session - IP: ::1
[2026-03-06T05:07:10.993Z] GET /api/session - IP: ::1
[2026-03-06T05:07:11.018Z] GET /chat/unread-count - IP: ::1
[2026-03-06T05:07:11.053Z] GET /styles/styles.css - IP: ::1
[2026-03-06T05:07:11.101Z] GET /chat/unread-count - IP: ::1
[2026-03-06T05:07:11.217Z] GET /customer/api/index - IP: ::1
[2026-03-06T05:07:11.314Z] GET /images3/logo2.jpg - IP: ::1
[2026-03-06T05:07:11.315Z] GET /images/cart-icon.png - IP: ::1
[2026-03-06T05:07:11.378Z] GET /customer/api/index - IP: ::1
