[2026-02-16T11:08:23.881Z] POST /login - IP: ::1
[2026-02-16T11:08:24.116Z] GET /api/session - IP: ::1
[2026-02-16T11:08:24.126Z] GET /api/session - IP: ::1
[2026-02-16T11:08:24.460Z] GET /seller/api/dashboard - IP: ::1
[2026-02-16T11:08:24.494Z] GET /images3/logo2.jpg - IP: ::1
[2026-02-16T11:08:24.734Z] GET /seller/api/dashboard - IP: ::1
[2026-02-16T11:08:24.805Z] GET /seller/api/dashboard - IP: ::1
[2026-02-16T11:08:25.070Z] GET /seller/api/dashboard - IP: ::1
[2026-02-16T11:08:25.132Z] GET /seller/api/dashboard - IP: ::1
[2026-02-16T11:08:28.015Z] GET /api/session - IP: ::1
[2026-02-16T11:08:28.224Z] GET /api/session - IP: ::1
[2026-02-16T11:08:28.248Z] GET /images3/logo2.jpg - IP: ::1
[2026-02-16T11:08:28.330Z] GET /Css/CStyle.css - IP: ::1
[2026-02-16T11:08:28.599Z] GET /Css/sellerBase.css - IP: ::1
[2026-02-16T11:08:28.601Z] GET /seller/api/profileSettings - IP: ::1
[2026-02-16T11:08:28.602Z] GET /images3/image5.jpg - IP: ::1
[2026-02-16T11:08:28.635Z] GET /seller/api/profileSettings - IP: ::1
[2026-02-16T11:08:30.162Z] [HEARTBEAT] log rotation
[2026-02-16T11:08:31.263Z] GET /api/session - IP: ::1
[2026-02-16T11:08:31.371Z] GET /api/session - IP: ::1
[2026-02-16T11:08:31.499Z] GET /Css/CStyle.css - IP: ::1
[2026-02-16T11:08:31.500Z] GET /Css/sellerBase.css - IP: ::1
[2026-02-16T11:08:31.593Z] GET /newstyle.css - IP: ::1
[2026-02-16T11:08:31.702Z] GET /seller/api/products - IP: ::1
[2026-02-16T11:08:31.720Z] GET /images3/logo2.jpg - IP: ::1
[2026-02-16T11:08:31.724Z] GET /seller/api/products - IP: ::1
