[2026-02-28T09:12:25.602Z] GET /logout?next=http%3A%2F%2Flocalhost%3A5173%2Flogin - IP: ::1
[2026-02-28T09:12:32.981Z] POST /login - IP: ::1
[2026-02-28T09:12:33.238Z] GET /api/session - IP: ::1
[2026-02-28T09:12:33.557Z] GET /api/session - IP: ::1
[2026-02-28T09:12:33.891Z] GET /service/api/dashboard - IP: ::1
[2026-02-28T09:12:33.897Z] GET /images3/logo2.jpg - IP: ::1
[2026-02-28T09:12:34.068Z] GET /service/api/dashboard - IP: ::1
[2026-02-28T09:12:34.136Z] GET /service/api/earnings-data?timeRange=1 - IP: ::1
[2026-02-28T09:12:34.385Z] GET /service/api/dashboard - IP: ::1
[2026-02-28T09:12:34.568Z] GET /service/api/earnings-data?timeRange=1 - IP: ::1
[2026-02-28T09:12:34.595Z] GET /service/api/recent-activity?limit=5 - IP: ::1
[2026-02-28T09:12:34.596Z] GET /service/api/dashboard - IP: ::1
[2026-02-28T09:12:34.885Z] GET /service/api/earnings-data?timeRange=1 - IP: ::1
[2026-02-28T09:12:35.136Z] GET /service/api/recent-activity?limit=5 - IP: ::1
[2026-02-28T09:12:35.137Z] GET /service/api/dashboard - IP: ::1
[2026-02-28T09:12:35.166Z] GET /service/api/earnings-data?timeRange=1 - IP: ::1
[2026-02-28T09:12:35.316Z] GET /service/api/recent-activity?limit=5 - IP: ::1
[2026-02-28T09:12:35.512Z] GET /service/api/earnings-data?timeRange=1 - IP: ::1
[2026-02-28T09:12:35.633Z] GET /service/api/recent-activity?limit=5 - IP: ::1
[2026-02-28T09:12:35.716Z] GET /service/api/recent-activity?limit=5 - IP: ::1
[2026-02-28T09:12:36.571Z] GET /api/session - IP: ::1
[2026-02-28T09:12:36.747Z] GET /api/session - IP: ::1
[2026-02-28T09:12:36.833Z] GET /styles/profileSettings.css - IP: ::1
[2026-02-28T09:12:36.835Z] GET /service/api/profile - IP: ::1
[2026-02-28T09:12:36.900Z] GET /images3/logo2.jpg - IP: ::1
[2026-02-28T09:12:37.078Z] GET /service/api/profile - IP: ::1
[2026-02-28T09:12:37.081Z] GET /images3/image5.jpg - IP: ::1
