[2026-02-28T19:46:40.012Z] GET /api/service-categories/active - IP: ::1
[2026-02-28T19:46:40.325Z] GET /service/api/profile - IP: ::1
[2026-02-28T19:46:40.327Z] GET /images3/image5.jpg - IP: ::1
[2026-02-28T19:46:40.659Z] GET /service/api/profile - IP: ::1
[2026-02-28T19:46:47.307Z] POST /login - IP: ::1
[2026-02-28T19:46:47.538Z] GET /api/session - IP: ::1
[2026-02-28T19:46:47.857Z] GET /api/session - IP: ::1
[2026-02-28T19:46:48.191Z] GET /seller/api/dashboard - IP: ::1
[2026-02-28T19:46:48.193Z] GET /images3/logo2.jpg - IP: ::1
[2026-02-28T19:46:49.038Z] GET /seller/api/dashboard - IP: ::1
[2026-02-28T19:46:49.216Z] GET /seller/api/dashboard - IP: ::1
[2026-02-28T19:46:49.390Z] GET /seller/api/dashboard - IP: ::1
[2026-02-28T19:46:49.523Z] GET /seller/api/dashboard - IP: ::1
[2026-02-28T19:46:50.891Z] GET /logout?next=http%3A%2F%2Flocalhost%3A5173%2F - IP: ::1
[2026-02-28T19:46:51.036Z] GET /images2/car-customization.png - IP: ::1
[2026-02-28T19:46:51.140Z] GET /api/session - IP: ::1
[2026-02-28T19:46:51.178Z] GET /api/session - IP: ::1
[2026-02-28T19:46:58.320Z] POST /login - IP: ::1
[2026-02-28T19:46:58.897Z] GET /api/session - IP: ::1
[2026-02-28T19:46:59.150Z] GET /api/session - IP: ::1
[2026-02-28T19:46:59.212Z] GET /service/api/dashboard - IP: ::1
[2026-02-28T19:46:59.480Z] GET /images3/logo2.jpg - IP: ::1
[2026-02-28T19:46:59.481Z] GET /service/api/dashboard - IP: ::1
[2026-02-28T19:46:59.529Z] GET /service/api/earnings-data?timeRange=1 - IP: ::1
[2026-02-28T19:46:59.733Z] GET /service/api/earnings-data?timeRange=1 - IP: ::1
[2026-02-28T19:46:59.735Z] GET /service/api/dashboard - IP: ::1
