[2026-03-01T08:42:40.405Z] GET /logout?next=http%3A%2F%2Flocalhost%3A5173%2Flogin - IP: ::1
[2026-03-01T08:42:47.416Z] POST /login - IP: ::1
[2026-03-01T08:42:47.694Z] GET /api/session - IP: ::1
[2026-03-01T08:42:47.705Z] GET /api/session - IP: ::1
[2026-03-01T08:42:48.048Z] GET /service/api/dashboard - IP: ::1
[2026-03-01T08:42:48.051Z] GET /images3/logo2.jpg - IP: ::1
[2026-03-01T08:42:48.282Z] GET /service/api/dashboard - IP: ::1
[2026-03-01T08:42:48.307Z] GET /service/api/earnings-data?timeRange=1 - IP: ::1
[2026-03-01T08:42:48.605Z] GET /service/api/dashboard - IP: ::1
[2026-03-01T08:42:48.788Z] GET /service/api/earnings-data?timeRange=1 - IP: ::1
[2026-03-01T08:42:48.819Z] GET /service/api/recent-activity?limit=5 - IP: ::1
[2026-03-01T08:42:48.821Z] GET /service/api/dashboard - IP: ::1
[2026-03-01T08:42:49.128Z] GET /service/api/dashboard - IP: ::1
[2026-03-01T08:42:49.317Z] GET /service/api/earnings-data?timeRange=1 - IP: ::1
[2026-03-01T08:42:49.363Z] GET /service/api/recent-activity?limit=5 - IP: ::1
[2026-03-01T08:42:49.793Z] GET /service/api/earnings-data?timeRange=1 - IP: ::1
[2026-03-01T08:42:50.114Z] GET /service/api/recent-activity?limit=5 - IP: ::1
[2026-03-01T08:42:50.254Z] GET /service/api/earnings-data?timeRange=1 - IP: ::1
[2026-03-01T08:42:50.501Z] GET /service/api/recent-activity?limit=5 - IP: ::1
[2026-03-01T08:42:50.875Z] GET /service/api/recent-activity?limit=5 - IP: ::1
[2026-03-01T08:42:51.425Z] GET /service/api/bookings - IP: ::1
[2026-03-01T08:42:51.731Z] GET /service/api/bookings - IP: ::1
[2026-03-01T08:42:55.252Z] GET /service/api/reviews - IP: ::1
[2026-03-01T08:42:55.563Z] GET /service/api/reviews - IP: ::1
[2026-03-01T08:42:56.940Z] GET /styles/profileSettings.css - IP: ::1
[2026-03-01T08:42:57.255Z] GET /api/service-categories/active - IP: ::1
[2026-03-01T08:42:57.269Z] GET /images3/image5.jpg - IP: ::1
[2026-03-01T08:42:57.660Z] GET /api/service-categories/active - IP: ::1
[2026-03-01T08:42:57.662Z] GET /service/api/profile - IP: ::1
[2026-03-01T08:42:57.917Z] GET /service/api/profile - IP: ::1
