[2026-02-12T17:06:20.648Z] GET /chat/unread-count - IP: ::1
[2026-02-12T17:06:20.660Z] GET /customer/api/cart - IP: ::1
[2026-02-12T17:06:20.668Z] GET /chat/unread-count - IP: ::1
[2026-02-12T17:06:20.968Z] GET /styles/styles.css - IP: ::1
[2026-02-12T17:06:20.969Z] GET /api/payments/config - IP: ::1
[2026-02-12T17:06:20.997Z] GET /customer/api/cart - IP: ::1
[2026-02-12T17:06:21.293Z] GET /api/payments/config - IP: ::1
[2026-02-12T17:06:25.806Z] POST /api/payments/create-checkout-session - IP: ::1
[2026-02-12T17:06:26.232Z] GET /api/session - IP: ::1
[2026-02-12T17:06:26.241Z] GET /api/session - IP: ::1
[2026-02-12T17:06:26.260Z] GET /chat/unread-count - IP: ::1
[2026-02-12T17:06:26.272Z] GET /chat/unread-count - IP: ::1
[2026-02-12T17:06:26.431Z] GET /api/payments/mock-session/mock_1770915985808_2vtkvo2nj - IP: ::1
[2026-02-12T17:06:26.433Z] GET /images3/logo2.jpg - IP: ::1
[2026-02-12T17:06:26.573Z] GET /api/payments/mock-session/mock_1770915985808_2vtkvo2nj - IP: ::1
[2026-02-12T17:06:26.574Z] GET /images/cart-icon.png - IP: ::1
[2026-02-12T17:06:31.019Z] GET /chat/unread-count - IP: ::1
[2026-02-12T17:06:31.031Z] GET /styles/styles.css - IP: ::1
[2026-02-12T17:06:31.035Z] GET /customer/api/cart - IP: ::1
[2026-02-12T17:06:31.036Z] GET /chat/unread-count - IP: ::1
[2026-02-12T17:06:31.342Z] GET /api/payments/config - IP: ::1
[2026-02-12T17:06:31.371Z] GET /customer/api/cart - IP: ::1
[2026-02-12T17:06:31.667Z] GET /api/payments/config - IP: ::1
[2026-02-12T17:06:33.652Z] [HEARTBEAT] log rotation
[2026-02-12T17:06:36.839Z] POST /api/payments/create-checkout-session - IP: ::1
[2026-02-12T17:06:37.247Z] GET /api/session - IP: ::1
[2026-02-12T17:06:37.257Z] GET /api/session - IP: ::1
[2026-02-12T17:06:37.274Z] GET /chat/unread-count - IP: ::1
[2026-02-12T17:06:37.285Z] GET /chat/unread-count - IP: ::1
[2026-02-12T17:06:37.483Z] GET /api/payments/mock-session/mock_1770915996840_ote8msu62 - IP: ::1
[2026-02-12T17:06:37.484Z] GET /images3/logo2.jpg - IP: ::1
[2026-02-12T17:06:37.591Z] GET /api/payments/mock-session/mock_1770915996840_ote8msu62 - IP: ::1
[2026-02-12T17:06:37.592Z] GET /images/cart-icon.png - IP: ::1
