[2026-02-28T20:49:14.589Z] POST /login - IP: ::1
[2026-02-28T20:49:14.859Z] GET /api/session - IP: ::1
[2026-02-28T20:49:15.184Z] GET /api/session - IP: ::1
[2026-02-28T20:49:15.582Z] GET /service/api/dashboard - IP: ::1
[2026-02-28T20:49:15.585Z] GET /images3/logo2.jpg - IP: ::1
[2026-02-28T20:49:15.763Z] GET /service/api/dashboard - IP: ::1
[2026-02-28T20:49:15.839Z] GET /service/api/earnings-data?timeRange=1 - IP: ::1
[2026-02-28T20:49:16.072Z] GET /service/api/dashboard - IP: ::1
[2026-02-28T20:49:16.226Z] GET /service/api/earnings-data?timeRange=1 - IP: ::1
[2026-02-28T20:49:16.339Z] GET /service/api/recent-activity?limit=5 - IP: ::1
[2026-02-28T20:49:16.340Z] GET /service/api/dashboard - IP: ::1
[2026-02-28T20:49:16.562Z] GET /service/api/earnings-data?timeRange=1 - IP: ::1
[2026-02-28T20:49:16.710Z] GET /service/api/recent-activity?limit=5 - IP: ::1
[2026-02-28T20:49:16.793Z] GET /service/api/dashboard - IP: ::1
[2026-02-28T20:49:16.823Z] GET /service/api/earnings-data?timeRange=1 - IP: ::1
[2026-02-28T20:49:17.009Z] GET /service/api/recent-activity?limit=5 - IP: ::1
[2026-02-28T20:49:17.089Z] GET /service/api/reviews - IP: ::1
[2026-02-28T20:49:17.183Z] GET /service/api/earnings-data?timeRange=1 - IP: ::1
[2026-02-28T20:49:17.185Z] GET /service/api/recent-activity?limit=5 - IP: ::1
[2026-02-28T20:49:17.352Z] GET /service/api/reviews - IP: ::1
[2026-02-28T20:49:17.413Z] GET /service/api/recent-activity?limit=5 - IP: ::1
