[2026-02-28T19:01:05.395Z] GET /logout?next=http%3A%2F%2Flocalhost%3A5173%2Flogin - IP: ::1
[2026-02-28T19:01:12.791Z] POST /login - IP: ::1
[2026-02-28T19:01:13.062Z] GET /api/session - IP: ::1
[2026-02-28T19:01:13.074Z] GET /api/session - IP: ::1
[2026-02-28T19:01:13.439Z] GET /service/api/dashboard - IP: ::1
[2026-02-28T19:01:13.440Z] GET /images3/logo2.jpg - IP: ::1
[2026-02-28T19:01:13.613Z] GET /service/api/dashboard - IP: ::1
[2026-02-28T19:01:13.697Z] GET /service/api/earnings-data?timeRange=1 - IP: ::1
[2026-02-28T19:01:13.928Z] GET /service/api/dashboard - IP: ::1
[2026-02-28T19:01:14.085Z] GET /service/api/earnings-data?timeRange=1 - IP: ::1
[2026-02-28T19:01:14.166Z] GET /service/api/recent-activity?limit=5 - IP: ::1
[2026-02-28T19:01:14.167Z] GET /service/api/dashboard - IP: ::1
[2026-02-28T19:01:14.392Z] GET /service/api/earnings-data?timeRange=1 - IP: ::1
[2026-02-28T19:01:14.547Z] GET /service/api/recent-activity?limit=5 - IP: ::1
[2026-02-28T19:01:14.592Z] GET /service/api/dashboard - IP: ::1
[2026-02-28T19:01:14.698Z] GET /service/api/earnings-data?timeRange=1 - IP: ::1
[2026-02-28T19:01:14.884Z] GET /service/api/recent-activity?limit=5 - IP: ::1
[2026-02-28T19:01:14.945Z] GET /service/api/earnings-data?timeRange=1 - IP: ::1
[2026-02-28T19:01:15.195Z] GET /service/api/recent-activity?limit=5 - IP: ::1
[2026-02-28T19:01:15.284Z] GET /service/api/recent-activity?limit=5 - IP: ::1
[2026-02-28T19:01:16.687Z] GET /api/session - IP: ::1
[2026-02-28T19:01:16.740Z] GET /api/session - IP: ::1
[2026-02-28T19:01:16.853Z] GET /styles/profileSettings.css - IP: ::1
[2026-02-28T19:01:16.855Z] GET /api/service-categories/active - IP: ::1
[2026-02-28T19:01:17.005Z] GET /images3/logo2.jpg - IP: ::1
[2026-02-28T19:01:17.085Z] GET /api/service-categories/active - IP: ::1
[2026-02-28T19:01:17.088Z] GET /service/api/profile - IP: ::1
[2026-02-28T19:01:17.096Z] GET /images3/image5.jpg - IP: ::1
[2026-02-28T19:01:17.346Z] GET /service/api/profile - IP: ::1
