[2026-02-12T17:06:03.079Z] GET /images2/car-customization.png - IP: ::1
[2026-02-12T17:06:04.011Z] GET /api/session - IP: ::1
[2026-02-12T17:06:04.073Z] GET /api/session - IP: ::1
[2026-02-12T17:06:04.579Z] GET /favicon.ico - IP: ::1
[2026-02-12T17:06:13.643Z] [HEARTBEAT] log rotation
[2026-02-12T17:06:14.371Z] POST /login - IP: ::1
[2026-02-12T17:06:15.015Z] GET /api/session - IP: ::1
[2026-02-12T17:06:15.281Z] GET /api/session - IP: ::1
[2026-02-12T17:06:15.385Z] GET /chat/unread-count - IP: ::1
[2026-02-12T17:06:15.406Z] GET /images3/logo2.jpg - IP: ::1
[2026-02-12T17:06:15.456Z] GET /chat/unread-count - IP: ::1
[2026-02-12T17:06:15.687Z] GET /styles/styles.css - IP: ::1
[2026-02-12T17:06:15.718Z] GET /customer/api/index - IP: ::1
[2026-02-12T17:06:15.722Z] GET /images/cart-icon.png - IP: ::1
[2026-02-12T17:06:16.077Z] GET /customer/api/index - IP: ::1
[2026-02-12T17:06:17.937Z] GET /chat/unread-count - IP: ::1
[2026-02-12T17:06:17.946Z] GET /chat/unread-count - IP: ::1
[2026-02-12T17:06:18.258Z] GET /styles/styles.css - IP: ::1
[2026-02-12T17:06:18.260Z] GET /customer/api/history - IP: ::1
[2026-02-12T17:06:18.521Z] GET /customer/api/history - IP: ::1
