[2026-02-16T11:05:21.070Z] POST /login - IP: ::1
[2026-02-16T11:05:21.390Z] GET /api/session - IP: ::1
[2026-02-16T11:05:21.719Z] GET /api/session - IP: ::1
[2026-02-16T11:05:21.826Z] GET /chat/unread-count - IP: ::1
[2026-02-16T11:05:21.841Z] GET /chat/unread-count - IP: ::1
[2026-02-16T11:05:22.165Z] GET /styles/styles.css - IP: ::1
[2026-02-16T11:05:22.166Z] GET /customer/api/index - IP: ::1
[2026-02-16T11:05:22.171Z] GET /images3/logo2.jpg - IP: ::1
[2026-02-16T11:05:22.172Z] GET /images/cart-icon.png - IP: ::1
[2026-02-16T11:05:22.409Z] GET /customer/api/index - IP: ::1
[2026-02-16T11:05:23.069Z] GET /chat/unread-count - IP: ::1
[2026-02-16T11:05:23.083Z] GET /chat/unread-count - IP: ::1
[2026-02-16T11:05:23.084Z] GET /styles/styles.css - IP: ::1
[2026-02-16T11:05:23.392Z] GET /customer/api/booking - IP: ::1
[2026-02-16T11:05:23.842Z] GET /customer/api/booking - IP: ::1
[2026-02-16T11:05:29.970Z] GET /customer/api/provider/67e53d2732c5a757c77e3dfe/reviews - IP: ::1
[2026-02-16T11:05:30.086Z] [HEARTBEAT] log rotation
[2026-02-16T11:05:36.409Z] GET /chat/unread-count - IP: ::1
[2026-02-16T11:05:36.422Z] GET /chat/unread-count - IP: ::1
[2026-02-16T11:05:36.730Z] GET /styles/styles.css - IP: ::1
[2026-02-16T11:05:36.732Z] GET /customer/api/index - IP: ::1
[2026-02-16T11:05:36.989Z] GET /customer/api/index - IP: ::1
[2026-02-16T11:05:37.884Z] GET /chat/unread-count - IP: ::1
[2026-02-16T11:05:37.892Z] GET /styles/styles.css - IP: ::1
[2026-02-16T11:05:37.900Z] GET /chat/unread-count - IP: ::1
[2026-02-16T11:05:38.201Z] GET /customer/api/booking - IP: ::1
[2026-02-16T11:05:38.534Z] GET /customer/api/booking - IP: ::1
