[2026-03-02T11:59:20.755Z] GET /chat/unread-count - IP: ::1
[2026-03-02T11:59:20.793Z] GET /chat/unread-count - IP: ::1
[2026-03-02T11:59:21.067Z] GET /styles/styles.css - IP: ::1
[2026-03-02T11:59:21.068Z] GET /customer/api/cart - IP: ::1
[2026-03-02T11:59:21.069Z] GET /api/payments/config - IP: ::1
[2026-03-02T11:59:21.323Z] GET /api/payments/config - IP: ::1
[2026-03-02T11:59:21.392Z] GET /customer/api/cart - IP: ::1
[2026-03-02T11:59:31.314Z] POST /api/payments/create-checkout-session - IP: ::1
[2026-03-02T11:59:31.908Z] GET /api/session - IP: ::1
[2026-03-02T11:59:31.921Z] GET /api/session - IP: ::1
[2026-03-02T11:59:31.959Z] GET /chat/unread-count - IP: ::1
[2026-03-02T11:59:31.992Z] GET /chat/unread-count - IP: ::1
[2026-03-02T11:59:32.053Z] GET /api/payments/mock-session/mock_1772452771316_afcm8rbzx - IP: ::1
[2026-03-02T11:59:32.054Z] GET /images3/logo2.jpg - IP: ::1
[2026-03-02T11:59:32.255Z] GET /api/payments/mock-session/mock_1772452771316_afcm8rbzx - IP: ::1
[2026-03-02T11:59:32.268Z] GET /images/cart-icon.png - IP: ::1
[2026-03-02T11:59:38.183Z] GET /chat/unread-count - IP: ::1
[2026-03-02T11:59:38.193Z] GET /customer/api/cart - IP: ::1
[2026-03-02T11:59:38.192Z] GET /styles/styles.css - IP: ::1
[2026-03-02T11:59:38.218Z] GET /chat/unread-count - IP: ::1
[2026-03-02T11:59:38.497Z] GET /api/payments/config - IP: ::1
[2026-03-02T11:59:38.541Z] GET /customer/api/cart - IP: ::1
[2026-03-02T11:59:38.819Z] GET /api/payments/config - IP: ::1
