[2026-02-26T09:33:40.218Z] GET /styles/styles.css - IP: ::1
[2026-02-26T09:33:40.212Z] GET /chat/unread-count - IP: ::1
[2026-02-26T09:33:40.247Z] GET /chat/unread-count - IP: ::1
[2026-02-26T09:33:40.531Z] GET /customer/api/index - IP: ::1
[2026-02-26T09:33:40.885Z] GET /customer/api/index - IP: ::1
[2026-02-26T09:33:44.861Z] GET /chat/unread-count - IP: ::1
[2026-02-26T09:33:44.868Z] GET /styles/styles.css - IP: ::1
[2026-02-26T09:33:44.906Z] GET /chat/unread-count - IP: ::1
[2026-02-26T09:33:45.979Z] GET /chat/unread-count - IP: ::1
[2026-02-26T09:33:46.014Z] GET /chat/unread-count - IP: ::1
[2026-02-26T09:33:46.292Z] GET /styles/styles.css - IP: ::1
[2026-02-26T09:33:46.295Z] GET /api/payments/config - IP: ::1
[2026-02-26T09:33:46.295Z] GET /customer/api/cart - IP: ::1
[2026-02-26T09:33:46.537Z] GET /api/payments/config - IP: ::1
[2026-02-26T09:33:46.616Z] GET /customer/api/cart - IP: ::1
[2026-02-26T09:33:50.142Z] GET /chat/unread-count - IP: ::1
[2026-02-26T09:33:50.145Z] GET /styles/styles.css - IP: ::1
[2026-02-26T09:33:50.177Z] GET /chat/unread-count - IP: ::1
[2026-02-26T09:33:51.798Z] [HEARTBEAT] log rotation
[2026-02-26T09:33:51.811Z] GET /chat/unread-count - IP: ::1
[2026-02-26T09:33:51.850Z] GET /chat/unread-count - IP: ::1
[2026-02-26T09:33:52.124Z] GET /styles/styles.css - IP: ::1
[2026-02-26T09:33:52.125Z] GET /customer/api/order/69856d5297db2f4b7b44bf81 - IP: ::1
[2026-02-26T09:33:52.388Z] GET /customer/api/order/69856d5297db2f4b7b44bf81 - IP: ::1
[2026-02-26T09:33:54.649Z] GET /chat/unread-count - IP: ::1
[2026-02-26T09:33:54.654Z] GET /styles/styles.css - IP: ::1
[2026-02-26T09:33:54.689Z] GET /chat/unread-count - IP: ::1
[2026-02-26T09:33:56.532Z] GET /chat/unread-count - IP: ::1
[2026-02-26T09:33:56.570Z] GET /chat/unread-count - IP: ::1
[2026-02-26T09:33:56.853Z] GET /styles/styles.css - IP: ::1
[2026-02-26T09:33:56.855Z] GET /customer/api/order/698bffe019553641d8e0736f - IP: ::1
[2026-02-26T09:33:57.115Z] GET /customer/api/order/698bffe019553641d8e0736f - IP: ::1
[2026-02-26T09:33:58.716Z] GET /chat/unread-count - IP: ::1
[2026-02-26T09:33:58.723Z] GET /styles/styles.css - IP: ::1
[2026-02-26T09:33:58.752Z] GET /chat/unread-count - IP: ::1
[2026-02-26T09:33:59.912Z] GET /chat/unread-count - IP: ::1
[2026-02-26T09:33:59.947Z] GET /chat/unread-count - IP: ::1
