[2026-03-01T07:44:40.042Z] POST /login - IP: ::1
[2026-03-01T07:44:40.236Z] GET /api/session - IP: ::1
[2026-03-01T07:44:40.244Z] GET /api/session - IP: ::1
[2026-03-01T07:44:40.254Z] GET /chat/unread-count - IP: ::1
[2026-03-01T07:44:40.292Z] GET /chat/unread-count - IP: ::1
[2026-03-01T07:44:40.579Z] GET /styles/styles.css - IP: ::1
[2026-03-01T07:44:40.584Z] GET /customer/api/index - IP: ::1
[2026-03-01T07:44:40.588Z] GET /images3/logo2.jpg - IP: ::1
[2026-03-01T07:44:40.589Z] GET /images/cart-icon.png - IP: ::1
[2026-03-01T07:44:40.836Z] GET /customer/api/index - IP: ::1
[2026-03-01T07:44:42.414Z] GET /chat/unread-count - IP: ::1
[2026-03-01T07:44:42.415Z] GET /customer/api/notifications?page=1&limit=20 - IP: ::1
[2026-03-01T07:44:42.455Z] GET /chat/unread-count - IP: ::1
[2026-03-01T07:44:48.550Z] GET /api/session - IP: ::1
[2026-03-01T07:44:48.806Z] GET /api/session - IP: ::1
[2026-03-01T07:44:48.826Z] GET /images3/logo2.jpg - IP: ::1
[2026-03-01T07:44:48.829Z] GET /chat/unread-count - IP: ::1
[2026-03-01T07:44:48.837Z] GET /customer/api/notifications?page=1&limit=20 - IP: ::1
[2026-03-01T07:44:48.868Z] GET /images/cart-icon.png - IP: ::1
[2026-03-01T07:44:48.897Z] GET /chat/unread-count - IP: ::1
