[2026-02-11T07:05:46.208Z] [HEARTBEAT] log rotation
[2026-02-11T07:05:46.720Z] GET /chat/unread-count - IP: ::1
[2026-02-11T07:05:46.729Z] GET /chat/unread-count - IP: ::1
[2026-02-11T07:05:46.730Z] GET /styles/styles.css - IP: ::1
[2026-02-11T07:05:48.420Z] GET /chat/unread-count - IP: ::1
[2026-02-11T07:05:48.428Z] GET /chat/unread-count - IP: ::1
[2026-02-11T07:05:48.736Z] GET /styles/styles.css - IP: ::1
[2026-02-11T07:05:48.740Z] GET /customer/api/cart - IP: ::1
[2026-02-11T07:05:48.741Z] GET /api/payments/config - IP: ::1
[2026-02-11T07:05:48.997Z] GET /api/payments/config - IP: ::1
[2026-02-11T07:05:49.073Z] GET /customer/api/cart - IP: ::1
[2026-02-11T07:05:50.760Z] GET /chat/unread-count - IP: ::1
[2026-02-11T07:05:50.765Z] GET /api/session - IP: ::1
[2026-02-11T07:05:50.772Z] GET /chat/unread-count - IP: ::1
[2026-02-11T07:05:51.092Z] GET /api/session - IP: ::1
[2026-02-11T07:05:51.095Z] GET /chat/customer/67e53cb532c5a757c77e3df8/messages - IP: ::1
[2026-02-11T07:05:51.357Z] GET /chat/customer/67e53cb532c5a757c77e3df8/messages - IP: ::1
[2026-02-11T07:05:52.515Z] GET /chat/unread-count - IP: ::1
[2026-02-11T07:05:52.518Z] GET /styles/styles.css - IP: ::1
[2026-02-11T07:05:52.528Z] GET /chat/unread-count - IP: ::1
[2026-02-11T07:05:52.831Z] GET /customer/api/profile - IP: ::1
[2026-02-11T07:05:53.158Z] GET /customer/api/profile - IP: ::1
[2026-02-11T07:05:57.235Z] GET /chat/unread-count - IP: ::1
[2026-02-11T07:05:57.238Z] GET /styles/styles.css - IP: ::1
[2026-02-11T07:05:57.242Z] GET /chat/unread-count - IP: ::1
[2026-02-11T07:05:57.554Z] GET /customer/api/index - IP: ::1
[2026-02-11T07:05:57.881Z] GET /customer/api/index - IP: ::1
