[2026-03-02T12:15:45.850Z] GET /chat/unread-count - IP: ::1
[2026-03-02T12:15:47.965Z] GET /manager/api/services - IP: ::1
[2026-03-02T12:15:48.238Z] GET /manager/api/services - IP: ::1
[2026-03-02T12:15:55.114Z] POST /login - IP: ::1
[2026-03-02T12:15:55.388Z] GET /api/session - IP: ::1
[2026-03-02T12:15:55.720Z] GET /api/session - IP: ::1
[2026-03-02T12:15:55.777Z] GET /chat/unread-count - IP: ::1
[2026-03-02T12:15:55.827Z] GET /chat/unread-count - IP: ::1
[2026-03-02T12:15:55.967Z] GET /manager/api/dashboard - IP: ::1
[2026-03-02T12:15:56.096Z] GET /images3/logo2.jpg - IP: ::1
[2026-03-02T12:15:56.488Z] GET /manager/api/dashboard - IP: ::1
[2026-03-02T12:15:57.064Z] GET /manager/api/dashboard - IP: ::1
[2026-03-02T12:15:57.737Z] GET /chat/unread-count - IP: ::1
[2026-03-02T12:15:57.775Z] GET /chat/unread-count - IP: ::1
[2026-03-02T12:15:58.049Z] GET /manager/api/orders - IP: ::1
[2026-03-02T12:15:58.310Z] GET /manager/api/orders - IP: ::1
[2026-03-02T12:15:58.791Z] GET /manager/api/services - IP: ::1
[2026-03-02T12:15:59.308Z] GET /manager/api/services - IP: ::1
[2026-03-02T12:15:59.530Z] GET /chat/unread-count - IP: ::1
[2026-03-02T12:15:59.563Z] GET /chat/unread-count - IP: ::1
