[2026-02-28T20:39:27.784Z] POST /login - IP: ::1
[2026-02-28T20:39:28.049Z] GET /api/session - IP: ::1
[2026-02-28T20:39:28.365Z] GET /api/session - IP: ::1
[2026-02-28T20:39:28.639Z] GET /service/api/dashboard - IP: ::1
[2026-02-28T20:39:28.729Z] GET /images3/logo2.jpg - IP: ::1
[2026-02-28T20:39:28.806Z] GET /service/api/dashboard - IP: ::1
[2026-02-28T20:39:28.814Z] GET /service/api/earnings-data?timeRange=1 - IP: ::1
[2026-02-28T20:39:29.286Z] GET /service/api/dashboard - IP: ::1
[2026-02-28T20:39:29.318Z] GET /service/api/earnings-data?timeRange=1 - IP: ::1
[2026-02-28T20:39:29.321Z] GET /service/api/recent-activity?limit=5 - IP: ::1
[2026-02-28T20:39:29.841Z] GET /service/api/dashboard - IP: ::1
[2026-02-28T20:39:29.924Z] GET /service/api/earnings-data?timeRange=1 - IP: ::1
[2026-02-28T20:39:29.926Z] GET /service/api/recent-activity?limit=5 - IP: ::1
[2026-02-28T20:39:30.319Z] GET /service/api/dashboard - IP: ::1
[2026-02-28T20:39:30.413Z] GET /service/api/earnings-data?timeRange=1 - IP: ::1
[2026-02-28T20:39:30.414Z] GET /service/api/recent-activity?limit=5 - IP: ::1
[2026-02-28T20:39:30.929Z] GET /service/api/earnings-data?timeRange=1 - IP: ::1
[2026-02-28T20:39:30.930Z] GET /service/api/recent-activity?limit=5 - IP: ::1
[2026-02-28T20:39:31.187Z] GET /service/api/recent-activity?limit=5 - IP: ::1
[2026-02-28T20:39:32.822Z] GET /styles/profileSettings.css - IP: ::1
[2026-02-28T20:39:33.135Z] GET /api/service-categories/active - IP: ::1
[2026-02-28T20:39:33.164Z] GET /images3/image5.jpg - IP: ::1
[2026-02-28T20:39:33.531Z] GET /api/service-categories/active - IP: ::1
[2026-02-28T20:39:33.547Z] GET /service/api/profile - IP: ::1
[2026-02-28T20:39:33.798Z] GET /service/api/profile - IP: ::1
