[2026-02-11T06:53:21.474Z] GET /chat/unread-count - 4ms
[2026-02-11T06:53:21.484Z] GET /chat/unread-count - 2ms
[2026-02-11T06:53:21.790Z] GET /styles/styles.css - 6ms
[2026-02-11T06:53:21.797Z] GET /customer/api/booking - 11ms
[2026-02-11T06:53:22.052Z] GET /customer/api/booking - 3ms
[2026-02-11T06:53:27.292Z] POST /login - 211ms
[2026-02-11T06:53:27.332Z] GET /api/session - 3ms
[2026-02-11T06:53:27.348Z] GET /api/session - 2ms
[2026-02-11T06:53:27.372Z] GET /images3/logo2.jpg - 0ms
[2026-02-11T06:53:27.397Z] GET /chat/unread-count - 11ms
[2026-02-11T06:53:27.408Z] GET /chat/unread-count - 8ms
[2026-02-11T06:53:27.685Z] GET /styles/styles.css - 1ms
[2026-02-11T06:53:27.704Z] GET /images/cart-icon.png - 1ms
[2026-02-11T06:53:27.738Z] GET /customer/api/index - 38ms
[2026-02-11T06:53:27.928Z] [HEARTBEAT] log rotation
[2026-02-11T06:53:28.071Z] GET /customer/api/index - 11ms
[2026-02-11T06:53:29.133Z] GET /chat/unread-count - 13ms
[2026-02-11T06:53:29.137Z] GET /styles/styles.css - 7ms
[2026-02-11T06:53:29.159Z] GET /chat/unread-count - 11ms
[2026-02-11T06:53:29.521Z] GET /customer/api/booking - 92ms
[2026-02-11T06:53:29.847Z] GET /customer/api/booking - 14ms
[2026-02-11T06:53:30.338Z] GET /logout?next=http%3A%2F%2Flocalhost%3A5173%2Flogin - 5ms
[2026-02-11T06:53:33.049Z] GET /images2/car-customization.png - 3ms
[2026-02-11T06:53:33.054Z] GET /api/session - 6ms
[2026-02-11T06:53:33.078Z] GET /api/session - 3ms
[2026-02-11T06:53:34.466Z] GET /api/session - 1ms
[2026-02-11T06:53:34.787Z] GET /api/session - 1ms
