[2026-03-01T13:50:47.408Z] [GET] /admin/api/manager-dashboard - Status: 500 - Failed to lookup view "manager/dashboard" in views directory "F:\WBD-01\views"
Error: Failed to lookup view "manager/dashboard" in views directory "F:\WBD-01\views"
    at Function.render (F:\WBD-01\node_modules\express\lib\application.js:597:17)
    at ServerResponse.render (F:\WBD-01\node_modules\express\lib\response.js:1049:7)
    at exports.getDashboard (F:\WBD-01\controllers\managerController.js:734:9)
    at process.processTicksAndRejections (node:internal/process/task_queues:105:5)
[2026-03-01T13:50:47.989Z] [GET] /admin/api/manager-dashboard - Status: 500 - Failed to lookup view "manager/dashboard" in views directory "F:\WBD-01\views"
Error: Failed to lookup view "manager/dashboard" in views directory "F:\WBD-01\views"
    at Function.render (F:\WBD-01\node_modules\express\lib\application.js:597:17)
    at ServerResponse.render (F:\WBD-01\node_modules\express\lib\response.js:1049:7)
    at exports.getDashboard (F:\WBD-01\controllers\managerController.js:734:9)
    at process.processTicksAndRejections (node:internal/process/task_queues:105:5)
[2026-03-01T13:50:48.546Z] [GET] /admin/api/manager-dashboard - Status: 500 - Failed to lookup view "manager/dashboard" in views directory "F:\WBD-01\views"
Error: Failed to lookup view "manager/dashboard" in views directory "F:\WBD-01\views"
    at Function.render (F:\WBD-01\node_modules\express\lib\application.js:597:17)
    at ServerResponse.render (F:\WBD-01\node_modules\express\lib\response.js:1049:7)
    at exports.getDashboard (F:\WBD-01\controllers\managerController.js:734:9)
    at process.processTicksAndRejections (node:internal/process/task_queues:105:5)
[2026-03-01T13:50:49.135Z] [GET] /admin/api/manager-dashboard - Status: 500 - Failed to lookup view "manager/dashboard" in views directory "F:\WBD-01\views"
Error: Failed to lookup view "manager/dashboard" in views directory "F:\WBD-01\views"
    at Function.render (F:\WBD-01\node_modules\express\lib\application.js:597:17)
    at ServerResponse.render (F:\WBD-01\node_modules\express\lib\response.js:1049:7)
    at exports.getDashboard (F:\WBD-01\controllers\managerController.js:734:9)
    at process.processTicksAndRejections (node:internal/process/task_queues:105:5)
[2026-03-01T13:50:49.748Z] [GET] /admin/api/manager-dashboard - Status: 500 - Failed to lookup view "manager/dashboard" in views directory "F:\WBD-01\views"
Error: Failed to lookup view "manager/dashboard" in views directory "F:\WBD-01\views"
    at Function.render (F:\WBD-01\node_modules\express\lib\application.js:597:17)
    at ServerResponse.render (F:\WBD-01\node_modules\express\lib\response.js:1049:7)
    at exports.getDashboard (F:\WBD-01\controllers\managerController.js:734:9)
    at process.processTicksAndRejections (node:internal/process/task_queues:105:5)
[2026-03-01T13:50:50.374Z] [GET] /admin/api/manager-dashboard - Status: 500 - Failed to lookup view "manager/dashboard" in views directory "F:\WBD-01\views"
Error: Failed to lookup view "manager/dashboard" in views directory "F:\WBD-01\views"
    at Function.render (F:\WBD-01\node_modules\express\lib\application.js:597:17)
    at ServerResponse.render (F:\WBD-01\node_modules\express\lib\response.js:1049:7)
    at exports.getDashboard (F:\WBD-01\controllers\managerController.js:734:9)
    at process.processTicksAndRejections (node:internal/process/task_queues:105:5)
