[2026-02-10T19:19:37.432Z] [GET] /main.9fa38718091cd38f8c2a.hot-update.json - Status: 404 - Not Found - /main.9fa38718091cd38f8c2a.hot-update.json
Error: Not Found - /main.9fa38718091cd38f8c2a.hot-update.json
    at notFound (C:\Users\Aniketh\FDFED_MID_REVIEW\middleware\errorMiddleware.js:31:15)
    at Layer.handle [as handle_request] (C:\Users\Aniketh\FDFED_MID_REVIEW\node_modules\express\lib\router\layer.js:95:5)
    at trim_prefix (C:\Users\Aniketh\FDFED_MID_REVIEW\node_modules\express\lib\router\index.js:328:13)
    at C:\Users\Aniketh\FDFED_MID_REVIEW\node_modules\express\lib\router\index.js:286:9
    at Function.process_params (C:\Users\Aniketh\FDFED_MID_REVIEW\node_modules\express\lib\router\index.js:346:12)
    at next (C:\Users\Aniketh\FDFED_MID_REVIEW\node_modules\express\lib\router\index.js:280:10)
    at next (C:\Users\Aniketh\FDFED_MID_REVIEW\node_modules\express\lib\router\route.js:141:14)
    at C:\Users\Aniketh\FDFED_MID_REVIEW\server.js:162:12
    at Layer.handle [as handle_request] (C:\Users\Aniketh\FDFED_MID_REVIEW\node_modules\express\lib\router\layer.js:95:5)
    at next (C:\Users\Aniketh\FDFED_MID_REVIEW\node_modules\express\lib\router\route.js:149:13)
    at Route.dispatch (C:\Users\Aniketh\FDFED_MID_REVIEW\node_modules\express\lib\router\route.js:119:3)
    at Layer.handle [as handle_request] (C:\Users\Aniketh\FDFED_MID_REVIEW\node_modules\express\lib\router\layer.js:95:5)
    at C:\Users\Aniketh\FDFED_MID_REVIEW\node_modules\express\lib\router\index.js:284:15
    at param (C:\Users\Aniketh\FDFED_MID_REVIEW\node_modules\express\lib\router\index.js:365:14)
    at param (C:\Users\Aniketh\FDFED_MID_REVIEW\node_modules\express\lib\router\index.js:376:14)
    at Function.process_params (C:\Users\Aniketh\FDFED_MID_REVIEW\node_modules\express\lib\router\index.js:421:3)
[2026-02-10T19:19:37.684Z] [GET] /main.9fa38718091cd38f8c2a.hot-update.json - Status: 404 - Not Found - /main.9fa38718091cd38f8c2a.hot-update.json
Error: Not Found - /main.9fa38718091cd38f8c2a.hot-update.json
    at notFound (C:\Users\Aniketh\FDFED_MID_REVIEW\middleware\errorMiddleware.js:31:15)
    at Layer.handle [as handle_request] (C:\Users\Aniketh\FDFED_MID_REVIEW\node_modules\express\lib\router\layer.js:95:5)
    at trim_prefix (C:\Users\Aniketh\FDFED_MID_REVIEW\node_modules\express\lib\router\index.js:328:13)
    at C:\Users\Aniketh\FDFED_MID_REVIEW\node_modules\express\lib\router\index.js:286:9
    at Function.process_params (C:\Users\Aniketh\FDFED_MID_REVIEW\node_modules\express\lib\router\index.js:346:12)
    at next (C:\Users\Aniketh\FDFED_MID_REVIEW\node_modules\express\lib\router\index.js:280:10)
    at next (C:\Users\Aniketh\FDFED_MID_REVIEW\node_modules\express\lib\router\route.js:141:14)
    at C:\Users\Aniketh\FDFED_MID_REVIEW\server.js:162:12
    at Layer.handle [as handle_request] (C:\Users\Aniketh\FDFED_MID_REVIEW\node_modules\express\lib\router\layer.js:95:5)
    at next (C:\Users\Aniketh\FDFED_MID_REVIEW\node_modules\express\lib\router\route.js:149:13)
    at Route.dispatch (C:\Users\Aniketh\FDFED_MID_REVIEW\node_modules\express\lib\router\route.js:119:3)
    at Layer.handle [as handle_request] (C:\Users\Aniketh\FDFED_MID_REVIEW\node_modules\express\lib\router\layer.js:95:5)
    at C:\Users\Aniketh\FDFED_MID_REVIEW\node_modules\express\lib\router\index.js:284:15
    at param (C:\Users\Aniketh\FDFED_MID_REVIEW\node_modules\express\lib\router\index.js:365:14)
    at param (C:\Users\Aniketh\FDFED_MID_REVIEW\node_modules\express\lib\router\index.js:376:14)
    at Function.process_params (C:\Users\Aniketh\FDFED_MID_REVIEW\node_modules\express\lib\router\index.js:421:3)
[2026-02-10T19:19:37.821Z] [GET] /favicon.ico - Status: 404 - Not Found - /favicon.ico
Error: Not Found - /favicon.ico
    at notFound (C:\Users\Aniketh\FDFED_MID_REVIEW\middleware\errorMiddleware.js:31:15)
    at Layer.handle [as handle_request] (C:\Users\Aniketh\FDFED_MID_REVIEW\node_modules\express\lib\router\layer.js:95:5)
    at trim_prefix (C:\Users\Aniketh\FDFED_MID_REVIEW\node_modules\express\lib\router\index.js:328:13)
    at C:\Users\Aniketh\FDFED_MID_REVIEW\node_modules\express\lib\router\index.js:286:9
    at Function.process_params (C:\Users\Aniketh\FDFED_MID_REVIEW\node_modules\express\lib\router\index.js:346:12)
    at next (C:\Users\Aniketh\FDFED_MID_REVIEW\node_modules\express\lib\router\index.js:280:10)
    at next (C:\Users\Aniketh\FDFED_MID_REVIEW\node_modules\express\lib\router\route.js:141:14)
    at C:\Users\Aniketh\FDFED_MID_REVIEW\server.js:162:12
    at Layer.handle [as handle_request] (C:\Users\Aniketh\FDFED_MID_REVIEW\node_modules\express\lib\router\layer.js:95:5)
    at next (C:\Users\Aniketh\FDFED_MID_REVIEW\node_modules\express\lib\router\route.js:149:13)
    at Route.dispatch (C:\Users\Aniketh\FDFED_MID_REVIEW\node_modules\express\lib\router\route.js:119:3)
    at Layer.handle [as handle_request] (C:\Users\Aniketh\FDFED_MID_REVIEW\node_modules\express\lib\router\layer.js:95:5)
    at C:\Users\Aniketh\FDFED_MID_REVIEW\node_modules\express\lib\router\index.js:284:15
    at param (C:\Users\Aniketh\FDFED_MID_REVIEW\node_modules\express\lib\router\index.js:365:14)
    at param (C:\Users\Aniketh\FDFED_MID_REVIEW\node_modules\express\lib\router\index.js:376:14)
    at Function.process_params (C:\Users\Aniketh\FDFED_MID_REVIEW\node_modules\express\lib\router\index.js:421:3)
[2026-02-10T19:20:18.722Z] [GET] /favicon.ico - Status: 404 - Not Found - /favicon.ico
Error: Not Found - /favicon.ico
    at notFound (C:\Users\Aniketh\FDFED_MID_REVIEW\middleware\errorMiddleware.js:31:15)
    at Layer.handle [as handle_request] (C:\Users\Aniketh\FDFED_MID_REVIEW\node_modules\express\lib\router\layer.js:95:5)
    at trim_prefix (C:\Users\Aniketh\FDFED_MID_REVIEW\node_modules\express\lib\router\index.js:328:13)
    at C:\Users\Aniketh\FDFED_MID_REVIEW\node_modules\express\lib\router\index.js:286:9
    at Function.process_params (C:\Users\Aniketh\FDFED_MID_REVIEW\node_modules\express\lib\router\index.js:346:12)
    at next (C:\Users\Aniketh\FDFED_MID_REVIEW\node_modules\express\lib\router\index.js:280:10)
    at next (C:\Users\Aniketh\FDFED_MID_REVIEW\node_modules\express\lib\router\route.js:141:14)
    at C:\Users\Aniketh\FDFED_MID_REVIEW\server.js:162:12
    at Layer.handle [as handle_request] (C:\Users\Aniketh\FDFED_MID_REVIEW\node_modules\express\lib\router\layer.js:95:5)
    at next (C:\Users\Aniketh\FDFED_MID_REVIEW\node_modules\express\lib\router\route.js:149:13)
    at Route.dispatch (C:\Users\Aniketh\FDFED_MID_REVIEW\node_modules\express\lib\router\route.js:119:3)
    at Layer.handle [as handle_request] (C:\Users\Aniketh\FDFED_MID_REVIEW\node_modules\express\lib\router\layer.js:95:5)
    at C:\Users\Aniketh\FDFED_MID_REVIEW\node_modules\express\lib\router\index.js:284:15
    at param (C:\Users\Aniketh\FDFED_MID_REVIEW\node_modules\express\lib\router\index.js:365:14)
    at param (C:\Users\Aniketh\FDFED_MID_REVIEW\node_modules\express\lib\router\index.js:376:14)
    at Function.process_params (C:\Users\Aniketh\FDFED_MID_REVIEW\node_modules\express\lib\router\index.js:421:3)
[2026-02-10T19:20:24.309Z] [GET] / - Status: 404 - ENOENT: no such file or directory, stat 'C:\Users\Aniketh\FDFED_MID_REVIEW\public\all\index.html'
Error: ENOENT: no such file or directory, stat 'C:\Users\Aniketh\FDFED_MID_REVIEW\public\all\index.html'
[2026-02-10T19:20:40.202Z] [GET] / - Status: 404 - ENOENT: no such file or directory, stat 'C:\Users\Aniketh\FDFED_MID_REVIEW\public\all\index.html'
Error: ENOENT: no such file or directory, stat 'C:\Users\Aniketh\FDFED_MID_REVIEW\public\all\index.html'
[2026-02-10T19:30:04.873Z] [GET] / - Status: 404 - ENOENT: no such file or directory, stat 'C:\Users\Aniketh\FDFED_MID_REVIEW\public\all\index.html'
Error: ENOENT: no such file or directory, stat 'C:\Users\Aniketh\FDFED_MID_REVIEW\public\all\index.html'
[2026-02-10T19:30:06.409Z] [GET] / - Status: 404 - ENOENT: no such file or directory, stat 'C:\Users\Aniketh\FDFED_MID_REVIEW\public\all\index.html'
Error: ENOENT: no such file or directory, stat 'C:\Users\Aniketh\FDFED_MID_REVIEW\public\all\index.html'
[2026-02-10T19:30:07.412Z] [GET] / - Status: 404 - ENOENT: no such file or directory, stat 'C:\Users\Aniketh\FDFED_MID_REVIEW\public\all\index.html'
Error: ENOENT: no such file or directory, stat 'C:\Users\Aniketh\FDFED_MID_REVIEW\public\all\index.html'
[2026-02-10T19:39:18.664Z] [GET] / - Status: 404 - ENOENT: no such file or directory, stat 'C:\Users\Aniketh\FDFED_MID_REVIEW\public\all\index.html'
Error: ENOENT: no such file or directory, stat 'C:\Users\Aniketh\FDFED_MID_REVIEW\public\all\index.html'
[2026-02-10T19:39:21.075Z] [GET] / - Status: 404 - ENOENT: no such file or directory, stat 'C:\Users\Aniketh\FDFED_MID_REVIEW\public\all\index.html'
Error: ENOENT: no such file or directory, stat 'C:\Users\Aniketh\FDFED_MID_REVIEW\public\all\index.html'
[2026-02-10T19:39:22.300Z] [GET] / - Status: 404 - ENOENT: no such file or directory, stat 'C:\Users\Aniketh\FDFED_MID_REVIEW\public\all\index.html'
Error: ENOENT: no such file or directory, stat 'C:\Users\Aniketh\FDFED_MID_REVIEW\public\all\index.html'
[2026-02-10T19:39:23.384Z] [GET] / - Status: 404 - ENOENT: no such file or directory, stat 'C:\Users\Aniketh\FDFED_MID_REVIEW\public\all\index.html'
Error: ENOENT: no such file or directory, stat 'C:\Users\Aniketh\FDFED_MID_REVIEW\public\all\index.html'
[2026-02-10T19:39:24.451Z] [GET] / - Status: 404 - ENOENT: no such file or directory, stat 'C:\Users\Aniketh\FDFED_MID_REVIEW\public\all\index.html'
Error: ENOENT: no such file or directory, stat 'C:\Users\Aniketh\FDFED_MID_REVIEW\public\all\index.html'
[2026-02-11T04:02:57.940Z] [GET] /main.cfcc638ce2d0306e0056.hot-update.json - Status: 404 - Not Found - /main.cfcc638ce2d0306e0056.hot-update.json
Error: Not Found - /main.cfcc638ce2d0306e0056.hot-update.json
    at notFound (C:\Users\Aniketh\FDFED_MID_REVIEW\middleware\errorMiddleware.js:31:15)
    at Layer.handle [as handle_request] (C:\Users\Aniketh\FDFED_MID_REVIEW\node_modules\express\lib\router\layer.js:95:5)
    at trim_prefix (C:\Users\Aniketh\FDFED_MID_REVIEW\node_modules\express\lib\router\index.js:328:13)
    at C:\Users\Aniketh\FDFED_MID_REVIEW\node_modules\express\lib\router\index.js:286:9
    at Function.process_params (C:\Users\Aniketh\FDFED_MID_REVIEW\node_modules\express\lib\router\index.js:346:12)
    at next (C:\Users\Aniketh\FDFED_MID_REVIEW\node_modules\express\lib\router\index.js:280:10)
    at next (C:\Users\Aniketh\FDFED_MID_REVIEW\node_modules\express\lib\router\route.js:141:14)
    at C:\Users\Aniketh\FDFED_MID_REVIEW\server.js:173:12
    at Layer.handle [as handle_request] (C:\Users\Aniketh\FDFED_MID_REVIEW\node_modules\express\lib\router\layer.js:95:5)
    at next (C:\Users\Aniketh\FDFED_MID_REVIEW\node_modules\express\lib\router\route.js:149:13)
    at Route.dispatch (C:\Users\Aniketh\FDFED_MID_REVIEW\node_modules\express\lib\router\route.js:119:3)
    at Layer.handle [as handle_request] (C:\Users\Aniketh\FDFED_MID_REVIEW\node_modules\express\lib\router\layer.js:95:5)
    at C:\Users\Aniketh\FDFED_MID_REVIEW\node_modules\express\lib\router\index.js:284:15
    at param (C:\Users\Aniketh\FDFED_MID_REVIEW\node_modules\express\lib\router\index.js:365:14)
    at param (C:\Users\Aniketh\FDFED_MID_REVIEW\node_modules\express\lib\router\index.js:376:14)
    at Function.process_params (C:\Users\Aniketh\FDFED_MID_REVIEW\node_modules\express\lib\router\index.js:421:3)
[2026-02-11T04:12:07.657Z] [GET] / - Status: 404 - ENOENT: no such file or directory, stat 'C:\Users\Aniketh\FDFED_MID_REVIEW\public\all\index.html'
Error: ENOENT: no such file or directory, stat 'C:\Users\Aniketh\FDFED_MID_REVIEW\public\all\index.html'
[2026-02-11T04:41:51.155Z] [GET] / - Status: 404 - ENOENT: no such file or directory, stat 'C:\Users\Aniketh\FDFED_MID_REVIEW\public\all\index.html'
Error: ENOENT: no such file or directory, stat 'C:\Users\Aniketh\FDFED_MID_REVIEW\public\all\index.html'
